<html>
<head>
<title>TestNG:  AdminPageOperation</title>
<link href="../testng.css" rel="stylesheet" type="text/css" />
<link href="../my-testng.css" rel="stylesheet" type="text/css" />

<style type="text/css">
.log { display: none;} 
.stack-trace { display: none;} 
</style>
<script type="text/javascript">
<!--
function flip(e) {
  current = e.style.display;
  if (current == 'block') {
    e.style.display = 'none';
    return 0;
  }
  else {
    e.style.display = 'block';
    return 1;
  }
}

function toggleBox(szDivId, elem, msg1, msg2)
{
  var res = -1;  if (document.getElementById) {
    res = flip(document.getElementById(szDivId));
  }
  else if (document.all) {
    // this is the way old msie versions work
    res = flip(document.all[szDivId]);
  }
  if(elem) {
    if(res == 0) elem.innerHTML = msg1; else elem.innerHTML = msg2;
  }

}

function toggleAllBoxes() {
  if (document.getElementsByTagName) {
    d = document.getElementsByTagName('div');
    for (i = 0; i < d.length; i++) {
      if (d[i].className == 'log') {
        flip(d[i]);
      }
    }
  }
}

// -->
</script>

</head>
<body>
<h2 align='center'>AdminPageOperation</h2><table border='1' align="center">
<tr>
<td>Tests passed/Failed/Skipped:</td><td>2/1/12</td>
</tr><tr>
<td>Started on:</td><td>Wed Mar 15 14:43:15 EET 2017</td>
</tr>
<tr><td>Total time:</td><td>67 seconds (67686 ms)</td>
</tr><tr>
<td>Included groups:</td><td></td>
</tr><tr>
<td>Excluded groups:</td><td></td>
</tr>
</table><p/>
<small><i>(Hover the method name to see the test class name)</i></small><p/>
<table width='100%' border='1' class='invocation-failed'>
<tr><td colspan='4' align='center'><b>FAILED CONFIGURATIONS</b></td></tr>
<tr><td><b>Test method</b></td>
<td width="30%"><b>Exception</b></td>
<td width="10%"><b>Time (seconds)</b></td>
<td><b>Instance</b></td>
</tr>
<tr>
<td title='testclasses.AdminPagePartyOperationsTest.loginAsAdministrator()'><b>loginAsAdministrator</b><br>Test class: testclasses.AdminPagePartyOperationsTest</td>
<td><div><pre>org.openqa.selenium.remote.UnreachableBrowserException: Error communicating with the remote browser. It may have died.
Build info: version: &apos;2.53.1&apos;, revision: &apos;a36b8b1cd5757287168e54b817830adce9b0158d&apos;, time: &apos;2016-06-30 19:26:09&apos;
System info: host: &apos;Zugera-PC&apos;, ip: &apos;192.168.30.216&apos;, os.name: &apos;Windows 10&apos;, os.arch: &apos;x86&apos;, os.version: &apos;10.0&apos;, java.version: &apos;1.8.0_111&apos;
Driver info: driver.version: RemoteWebDriver
Capabilities [{applicationCacheEnabled=true, rotatable=false, handlesAlerts=true, databaseEnabled=true, version=47.0.2, platform=WINDOWS, nativeEvents=false, acceptSslCerts=true, webStorageEnabled=true, locationContextEnabled=true, browserName=firefox, takesScreenshot=true, javascriptEnabled=true, cssSelectorsEnabled=true}]
Session ID: 0ef1f9e5-091d-4d6b-a3b3-0abf8fa9a18b
	at org.openqa.selenium.remote.RemoteWebDriver.execute(RemoteWebDriver.java:665)
	at org.openqa.selenium.remote.RemoteWebDriver.executeScript(RemoteWebDriver.java:577)
	at pageobjects.main.PageObject$1.apply(PageObject.java:69)
	at pageobjects.main.PageObject$1.apply(PageObject.java:1)
	at org.openqa.selenium.support.ui.FluentWait.until(FluentWait.java:238)
	at pageobjects.main.PageObject.checkIsLoaded(PageObject.java:73)
	at testclasses.AdminPagePartyOperationsTest.loginAsAdministrator(AdminPagePartyOperationsTest.java:33)
Caused by: org.apache.http.conn.HttpHostConnectException: Connect to 127.0.0.1:7055 [/127.0.0.1] failed: Connection refused: connect
	at org.apache.http.impl.conn.DefaultHttpClientConnectionOperator.connect(DefaultHttpClientConnectionOperator.java:151)
	at org.apache.http.impl.conn.PoolingHttpClientConnectionManager.connect(PoolingHttpClientConnectionManager.java:353)
	at org.apache.http.impl.execchain.MainClientExec.establishRoute(MainClientExec.java:380)
	at org.apache.http.impl.execchain.MainClientExec.execute(MainClientExec.java:236)
	at org.apache.http.impl.execchain.ProtocolExec.execute(ProtocolExec.java:184)
	at org.apache.http.impl.execchain.RetryExec.execute(RetryExec.java:88)
	at org.apache.http.impl.execchain.RedirectExec.execute(RedirectExec.java:110)
	at org.apache.http.impl.client.InternalHttpClient.doExecute(InternalHttpClient.java:184)
	at org.apache.http.impl.client.CloseableHttpClient.execute(CloseableHttpClient.java:71)
	at org.apache.http.impl.client.CloseableHttpClient.execute(CloseableHttpClient.java:55)
	at org.openqa.selenium.remote.internal.ApacheHttpClient.fallBackExecute(ApacheHttpClient.java:144)
	at org.openqa.selenium.remote.internal.ApacheHttpClient.execute(ApacheHttpClient.java:90)
	at org.openqa.selenium.remote.HttpCommandExecutor.execute(HttpCommandExecutor.java:142)
	at org.openqa.selenium.firefox.internal.NewProfileExtensionConnection.execute(NewProfileExtensionConnection.java:160)
	at org.openqa.selenium.firefox.FirefoxDriver$LazyCommandExecutor.execute(FirefoxDriver.java:380)
	at org.openqa.selenium.remote.RemoteWebDriver.execute(RemoteWebDriver.java:644)
	... 32 more
Caused by: java.net.ConnectException: Connection refused: connect
	at java.net.DualStackPlainSocketImpl.waitForConnect(Native Method)
	at java.net.DualStackPlainSocketImpl.socketConnect(DualStackPlainSocketImpl.java:85)
	at java.net.AbstractPlainSocketImpl.doConnect(AbstractPlainSocketImpl.java:350)
	at java.net.AbstractPlainSocketImpl.connectToAddress(AbstractPlainSocketImpl.java:206)
	at java.net.AbstractPlainSocketImpl.connect(AbstractPlainSocketImpl.java:188)
	at java.net.PlainSocketImpl.connect(PlainSocketImpl.java:172)
	at java.net.SocksSocketImpl.connect(SocksSocketImpl.java:392)
	at java.net.Socket.connect(Socket.java:589)
	at org.apache.http.conn.socket.PlainConnectionSocketFactory.connectSocket(PlainConnectionSocketFactory.java:74)
	at org.apache.http.impl.conn.DefaultHttpClientConnectionOperator.connect(DefaultHttpClientConnectionOperator.java:134)
	... 47 more
... Removed 26 stack frames</pre></div><a href='#' onClick='toggleBox("stack-trace480351", this, "Click to show all stack frames", "Click to hide stack frames")'>Click to show all stack frames</a>
<div class='stack-trace' id='stack-trace480351'><pre>org.openqa.selenium.remote.UnreachableBrowserException: Error communicating with the remote browser. It may have died.
Build info: version: &apos;2.53.1&apos;, revision: &apos;a36b8b1cd5757287168e54b817830adce9b0158d&apos;, time: &apos;2016-06-30 19:26:09&apos;
System info: host: &apos;Zugera-PC&apos;, ip: &apos;192.168.30.216&apos;, os.name: &apos;Windows 10&apos;, os.arch: &apos;x86&apos;, os.version: &apos;10.0&apos;, java.version: &apos;1.8.0_111&apos;
Driver info: driver.version: RemoteWebDriver
Capabilities [{applicationCacheEnabled=true, rotatable=false, handlesAlerts=true, databaseEnabled=true, version=47.0.2, platform=WINDOWS, nativeEvents=false, acceptSslCerts=true, webStorageEnabled=true, locationContextEnabled=true, browserName=firefox, takesScreenshot=true, javascriptEnabled=true, cssSelectorsEnabled=true}]
Session ID: 0ef1f9e5-091d-4d6b-a3b3-0abf8fa9a18b
	at org.openqa.selenium.remote.RemoteWebDriver.execute(RemoteWebDriver.java:665)
	at org.openqa.selenium.remote.RemoteWebDriver.executeScript(RemoteWebDriver.java:577)
	at pageobjects.main.PageObject$1.apply(PageObject.java:69)
	at pageobjects.main.PageObject$1.apply(PageObject.java:1)
	at org.openqa.selenium.support.ui.FluentWait.until(FluentWait.java:238)
	at pageobjects.main.PageObject.checkIsLoaded(PageObject.java:73)
	at testclasses.AdminPagePartyOperationsTest.loginAsAdministrator(AdminPagePartyOperationsTest.java:33)
	at sun.reflect.NativeMethodAccessorImpl.invoke0(Native Method)
	at sun.reflect.NativeMethodAccessorImpl.invoke(NativeMethodAccessorImpl.java:62)
	at sun.reflect.DelegatingMethodAccessorImpl.invoke(DelegatingMethodAccessorImpl.java:43)
	at java.lang.reflect.Method.invoke(Method.java:498)
	at org.testng.internal.MethodInvocationHelper.invokeMethod(MethodInvocationHelper.java:80)
	at org.testng.internal.Invoker.invokeConfigurationMethod(Invoker.java:564)
	at org.testng.internal.Invoker.invokeConfigurations(Invoker.java:213)
	at org.testng.internal.Invoker.invokeMethod(Invoker.java:653)
	at org.testng.internal.Invoker.invokeTestMethod(Invoker.java:901)
	at org.testng.internal.Invoker.invokeTestMethods(Invoker.java:1231)
	at org.testng.internal.TestMethodWorker.invokeTestMethods(TestMethodWorker.java:127)
	at org.testng.internal.TestMethodWorker.run(TestMethodWorker.java:111)
	at org.testng.TestRunner.privateRun(TestRunner.java:767)
	at org.testng.TestRunner.run(TestRunner.java:617)
	at org.testng.SuiteRunner.runTest(SuiteRunner.java:334)
	at org.testng.SuiteRunner.runSequentially(SuiteRunner.java:329)
	at org.testng.SuiteRunner.privateRun(SuiteRunner.java:291)
	at org.testng.SuiteRunner.run(SuiteRunner.java:240)
	at org.testng.SuiteRunnerWorker.runSuite(SuiteRunnerWorker.java:52)
	at org.testng.SuiteRunnerWorker.run(SuiteRunnerWorker.java:86)
	at org.testng.TestNG.runSuitesSequentially(TestNG.java:1198)
	at org.testng.TestNG.runSuitesLocally(TestNG.java:1123)
	at org.testng.TestNG.run(TestNG.java:1031)
	at org.testng.remote.AbstractRemoteTestNG.run(AbstractRemoteTestNG.java:132)
	at org.testng.remote.RemoteTestNG.initAndRun(RemoteTestNG.java:230)
	at org.testng.remote.RemoteTestNG.main(RemoteTestNG.java:76)
Caused by: org.apache.http.conn.HttpHostConnectException: Connect to 127.0.0.1:7055 [/127.0.0.1] failed: Connection refused: connect
	at org.apache.http.impl.conn.DefaultHttpClientConnectionOperator.connect(DefaultHttpClientConnectionOperator.java:151)
	at org.apache.http.impl.conn.PoolingHttpClientConnectionManager.connect(PoolingHttpClientConnectionManager.java:353)
	at org.apache.http.impl.execchain.MainClientExec.establishRoute(MainClientExec.java:380)
	at org.apache.http.impl.execchain.MainClientExec.execute(MainClientExec.java:236)
	at org.apache.http.impl.execchain.ProtocolExec.execute(ProtocolExec.java:184)
	at org.apache.http.impl.execchain.RetryExec.execute(RetryExec.java:88)
	at org.apache.http.impl.execchain.RedirectExec.execute(RedirectExec.java:110)
	at org.apache.http.impl.client.InternalHttpClient.doExecute(InternalHttpClient.java:184)
	at org.apache.http.impl.client.CloseableHttpClient.execute(CloseableHttpClient.java:71)
	at org.apache.http.impl.client.CloseableHttpClient.execute(CloseableHttpClient.java:55)
	at org.openqa.selenium.remote.internal.ApacheHttpClient.fallBackExecute(ApacheHttpClient.java:144)
	at org.openqa.selenium.remote.internal.ApacheHttpClient.execute(ApacheHttpClient.java:90)
	at org.openqa.selenium.remote.HttpCommandExecutor.execute(HttpCommandExecutor.java:142)
	at org.openqa.selenium.firefox.internal.NewProfileExtensionConnection.execute(NewProfileExtensionConnection.java:160)
	at org.openqa.selenium.firefox.FirefoxDriver$LazyCommandExecutor.execute(FirefoxDriver.java:380)
	at org.openqa.selenium.remote.RemoteWebDriver.execute(RemoteWebDriver.java:644)
	... 32 more
Caused by: java.net.ConnectException: Connection refused: connect
	at java.net.DualStackPlainSocketImpl.waitForConnect(Native Method)
	at java.net.DualStackPlainSocketImpl.socketConnect(DualStackPlainSocketImpl.java:85)
	at java.net.AbstractPlainSocketImpl.doConnect(AbstractPlainSocketImpl.java:350)
	at java.net.AbstractPlainSocketImpl.connectToAddress(AbstractPlainSocketImpl.java:206)
	at java.net.AbstractPlainSocketImpl.connect(AbstractPlainSocketImpl.java:188)
	at java.net.PlainSocketImpl.connect(PlainSocketImpl.java:172)
	at java.net.SocksSocketImpl.connect(SocksSocketImpl.java:392)
	at java.net.Socket.connect(Socket.java:589)
	at org.apache.http.conn.socket.PlainConnectionSocketFactory.connectSocket(PlainConnectionSocketFactory.java:74)
	at org.apache.http.impl.conn.DefaultHttpClientConnectionOperator.connect(DefaultHttpClientConnectionOperator.java:134)
	... 47 more
</pre></div></td>
<td>0</td>
<td>testclasses.AdminPagePartyOperationsTest@5cb137</td></tr>
</table><p>
<table width='100%' border='1' class='invocation-skipped'>
<tr><td colspan='4' align='center'><b>SKIPPED CONFIGURATIONS</b></td></tr>
<tr><td><b>Test method</b></td>
<td width="30%"><b>Exception</b></td>
<td width="10%"><b>Time (seconds)</b></td>
<td><b>Instance</b></td>
</tr>
<tr>
<td title='testclasses.AdminPageCountyOperationsTest.initialize()'><b>initialize</b><br>Test class: testclasses.AdminPageCountyOperationsTest</td>
<td></td>
<td>0</td>
<td>testclasses.AdminPageCountyOperationsTest@4ed9f0</td></tr>
<tr>
<td title='testclasses.AdminPageDistrictRegistrationTest.initialize()'><b>initialize</b><br>Test class: testclasses.AdminPageDistrictRegistrationTest</td>
<td></td>
<td>0</td>
<td>testclasses.AdminPageDistrictRegistrationTest@11161c7</td></tr>
<tr>
<td title='testclasses.AdminPageRepresentativeRegistrationTest.initialize()'><b>initialize</b><br>Test class: testclasses.AdminPageRepresentativeRegistrationTest</td>
<td></td>
<td>0</td>
<td>testclasses.AdminPageRepresentativeRegistrationTest@41eaa2</td></tr>
<tr>
<td title='testclasses.AdminPageRepresentativeRegistrationTest.loginAsAdministrator()'><b>loginAsAdministrator</b><br>Test class: testclasses.AdminPageRepresentativeRegistrationTest</td>
<td></td>
<td>0</td>
<td>testclasses.AdminPageRepresentativeRegistrationTest@41eaa2</td></tr>
<tr>
<td title='testclasses.AdminPagePartyOperationsTest.loginAsAdministrator()'><b>loginAsAdministrator</b><br>Test class: testclasses.AdminPagePartyOperationsTest</td>
<td></td>
<td>0</td>
<td>testclasses.AdminPagePartyOperationsTest@5cb137</td></tr>
<tr>
<td title='testclasses.AdminPagePartyOperationsTest.loginAsAdministrator()'><b>loginAsAdministrator</b><br>Test class: testclasses.AdminPagePartyOperationsTest</td>
<td></td>
<td>0</td>
<td>testclasses.AdminPagePartyOperationsTest@5cb137</td></tr>
<tr>
<td title='testclasses.AdminPagePartyOperationsTest.loginAsAdministrator()'><b>loginAsAdministrator</b><br>Test class: testclasses.AdminPagePartyOperationsTest</td>
<td></td>
<td>0</td>
<td>testclasses.AdminPagePartyOperationsTest@5cb137</td></tr>
<tr>
<td title='testclasses.AdminPagePartyOperationsTest.loginAsAdministrator()'><b>loginAsAdministrator</b><br>Test class: testclasses.AdminPagePartyOperationsTest</td>
<td></td>
<td>0</td>
<td>testclasses.AdminPagePartyOperationsTest@5cb137</td></tr>
<tr>
<td title='testclasses.AdminPageCountyOperationsTest.loginAsAdministrator()'><b>loginAsAdministrator</b><br>Test class: testclasses.AdminPageCountyOperationsTest</td>
<td></td>
<td>0</td>
<td>testclasses.AdminPageCountyOperationsTest@4ed9f0</td></tr>
<tr>
<td title='testclasses.AdminPageCountyOperationsTest.loginAsAdministrator()'><b>loginAsAdministrator</b><br>Test class: testclasses.AdminPageCountyOperationsTest</td>
<td></td>
<td>0</td>
<td>testclasses.AdminPageCountyOperationsTest@4ed9f0</td></tr>
<tr>
<td title='testclasses.AdminPageCountyOperationsTest.loginAsAdministrator()'><b>loginAsAdministrator</b><br>Test class: testclasses.AdminPageCountyOperationsTest</td>
<td></td>
<td>0</td>
<td>testclasses.AdminPageCountyOperationsTest@4ed9f0</td></tr>
<tr>
<td title='testclasses.AdminPageCountyOperationsTest.loginAsAdministrator()'><b>loginAsAdministrator</b><br>Test class: testclasses.AdminPageCountyOperationsTest</td>
<td></td>
<td>0</td>
<td>testclasses.AdminPageCountyOperationsTest@4ed9f0</td></tr>
<tr>
<td title='testclasses.AdminPageDistrictRegistrationTest.loginAsAdministrator()'><b>loginAsAdministrator</b><br>Test class: testclasses.AdminPageDistrictRegistrationTest</td>
<td></td>
<td>0</td>
<td>testclasses.AdminPageDistrictRegistrationTest@11161c7</td></tr>
<tr>
<td title='testclasses.AdminPageDistrictRegistrationTest.loginAsAdministrator()'><b>loginAsAdministrator</b><br>Test class: testclasses.AdminPageDistrictRegistrationTest</td>
<td></td>
<td>0</td>
<td>testclasses.AdminPageDistrictRegistrationTest@11161c7</td></tr>
<tr>
<td title='testclasses.AdminPagePartyOperationsTest.shutDown()'><b>shutDown</b><br>Test class: testclasses.AdminPagePartyOperationsTest</td>
<td></td>
<td>0</td>
<td>testclasses.AdminPagePartyOperationsTest@5cb137</td></tr>
<tr>
<td title='testclasses.AdminPageCountyOperationsTest.shutDown()'><b>shutDown</b><br>Test class: testclasses.AdminPageCountyOperationsTest</td>
<td></td>
<td>0</td>
<td>testclasses.AdminPageCountyOperationsTest@4ed9f0</td></tr>
<tr>
<td title='testclasses.AdminPageDistrictRegistrationTest.shutDown()'><b>shutDown</b><br>Test class: testclasses.AdminPageDistrictRegistrationTest</td>
<td></td>
<td>0</td>
<td>testclasses.AdminPageDistrictRegistrationTest@11161c7</td></tr>
<tr>
<td title='testclasses.AdminPageRepresentativeRegistrationTest.shutDown()'><b>shutDown</b><br>Test class: testclasses.AdminPageRepresentativeRegistrationTest</td>
<td></td>
<td>0</td>
<td>testclasses.AdminPageRepresentativeRegistrationTest@41eaa2</td></tr>
</table><p>
<table width='100%' border='1' class='invocation-failed'>
<tr><td colspan='4' align='center'><b>FAILED TESTS</b></td></tr>
<tr><td><b>Test method</b></td>
<td width="30%"><b>Exception</b></td>
<td width="10%"><b>Time (seconds)</b></td>
<td><b>Instance</b></td>
</tr>
<tr>
<td title='testclasses.AdminPagePartyOperationsTest.partyListRegistrationTest()'><b>partyListRegistrationTest</b><br>Test class: testclasses.AdminPagePartyOperationsTest<br>Parameters: Programuotoju partija, 15</td>
<td><div><pre>org.openqa.selenium.remote.UnreachableBrowserException: Error communicating with the remote browser. It may have died.
Build info: version: &apos;2.53.1&apos;, revision: &apos;a36b8b1cd5757287168e54b817830adce9b0158d&apos;, time: &apos;2016-06-30 19:26:09&apos;
System info: host: &apos;Zugera-PC&apos;, ip: &apos;192.168.30.216&apos;, os.name: &apos;Windows 10&apos;, os.arch: &apos;x86&apos;, os.version: &apos;10.0&apos;, java.version: &apos;1.8.0_111&apos;
Driver info: driver.version: RemoteWebDriver
Capabilities [{applicationCacheEnabled=true, rotatable=false, handlesAlerts=true, databaseEnabled=true, version=47.0.2, platform=WINDOWS, nativeEvents=false, acceptSslCerts=true, webStorageEnabled=true, locationContextEnabled=true, browserName=firefox, takesScreenshot=true, javascriptEnabled=true, cssSelectorsEnabled=true}]
Session ID: 0ef1f9e5-091d-4d6b-a3b3-0abf8fa9a18b
	at org.openqa.selenium.remote.RemoteWebDriver.execute(RemoteWebDriver.java:665)
	at org.openqa.selenium.remote.RemoteWebDriver.findElement(RemoteWebDriver.java:363)
	at org.openqa.selenium.remote.RemoteWebDriver.findElementByCssSelector(RemoteWebDriver.java:492)
	at org.openqa.selenium.By$ByCssSelector.findElement(By.java:430)
	at org.openqa.selenium.remote.RemoteWebDriver.findElement(RemoteWebDriver.java:355)
	at org.openqa.selenium.support.pagefactory.DefaultElementLocator.findElement(DefaultElementLocator.java:69)
	at org.openqa.selenium.support.pagefactory.internal.LocatingElementHandler.invoke(LocatingElementHandler.java:38)
	at com.sun.proxy.$Proxy11.getTagName(Unknown Source)
	at pageobjects.main.PageObject.getTextFieldValue(PageObject.java:375)
	at pageobjects.forms.SearchPage.assertNameIsPresent(SearchPage.java:53)
	at testclasses.AdminPagePartyOperationsTest.partyListRegistrationTest(AdminPagePartyOperationsTest.java:65)
Caused by: org.apache.http.conn.HttpHostConnectException: Connect to 127.0.0.1:7055 [/127.0.0.1] failed: Connection refused: connect
	at org.apache.http.impl.conn.DefaultHttpClientConnectionOperator.connect(DefaultHttpClientConnectionOperator.java:151)
	at org.apache.http.impl.conn.PoolingHttpClientConnectionManager.connect(PoolingHttpClientConnectionManager.java:353)
	at org.apache.http.impl.execchain.MainClientExec.establishRoute(MainClientExec.java:380)
	at org.apache.http.impl.execchain.MainClientExec.execute(MainClientExec.java:236)
	at org.apache.http.impl.execchain.ProtocolExec.execute(ProtocolExec.java:184)
	at org.apache.http.impl.execchain.RetryExec.execute(RetryExec.java:88)
	at org.apache.http.impl.execchain.RedirectExec.execute(RedirectExec.java:110)
	at org.apache.http.impl.client.InternalHttpClient.doExecute(InternalHttpClient.java:184)
	at org.apache.http.impl.client.CloseableHttpClient.execute(CloseableHttpClient.java:71)
	at org.apache.http.impl.client.CloseableHttpClient.execute(CloseableHttpClient.java:55)
	at org.openqa.selenium.remote.internal.ApacheHttpClient.fallBackExecute(ApacheHttpClient.java:144)
	at org.openqa.selenium.remote.internal.ApacheHttpClient.execute(ApacheHttpClient.java:90)
	at org.openqa.selenium.remote.HttpCommandExecutor.execute(HttpCommandExecutor.java:142)
	at org.openqa.selenium.firefox.internal.NewProfileExtensionConnection.execute(NewProfileExtensionConnection.java:160)
	at org.openqa.selenium.firefox.FirefoxDriver$LazyCommandExecutor.execute(FirefoxDriver.java:380)
	at org.openqa.selenium.remote.RemoteWebDriver.execute(RemoteWebDriver.java:644)
	... 34 more
Caused by: java.net.ConnectException: Connection refused: connect
	at java.net.DualStackPlainSocketImpl.waitForConnect(Native Method)
	at java.net.DualStackPlainSocketImpl.socketConnect(DualStackPlainSocketImpl.java:85)
	at java.net.AbstractPlainSocketImpl.doConnect(AbstractPlainSocketImpl.java:350)
	at java.net.AbstractPlainSocketImpl.connectToAddress(AbstractPlainSocketImpl.java:206)
	at java.net.AbstractPlainSocketImpl.connect(AbstractPlainSocketImpl.java:188)
	at java.net.PlainSocketImpl.connect(PlainSocketImpl.java:172)
	at java.net.SocksSocketImpl.connect(SocksSocketImpl.java:392)
	at java.net.Socket.connect(Socket.java:589)
	at org.apache.http.conn.socket.PlainConnectionSocketFactory.connectSocket(PlainConnectionSocketFactory.java:74)
	at org.apache.http.impl.conn.DefaultHttpClientConnectionOperator.connect(DefaultHttpClientConnectionOperator.java:134)
	... 49 more
... Removed 24 stack frames</pre></div><a href='#' onClick='toggleBox("stack-trace33290987", this, "Click to show all stack frames", "Click to hide stack frames")'>Click to show all stack frames</a>
<div class='stack-trace' id='stack-trace33290987'><pre>org.openqa.selenium.remote.UnreachableBrowserException: Error communicating with the remote browser. It may have died.
Build info: version: &apos;2.53.1&apos;, revision: &apos;a36b8b1cd5757287168e54b817830adce9b0158d&apos;, time: &apos;2016-06-30 19:26:09&apos;
System info: host: &apos;Zugera-PC&apos;, ip: &apos;192.168.30.216&apos;, os.name: &apos;Windows 10&apos;, os.arch: &apos;x86&apos;, os.version: &apos;10.0&apos;, java.version: &apos;1.8.0_111&apos;
Driver info: driver.version: RemoteWebDriver
Capabilities [{applicationCacheEnabled=true, rotatable=false, handlesAlerts=true, databaseEnabled=true, version=47.0.2, platform=WINDOWS, nativeEvents=false, acceptSslCerts=true, webStorageEnabled=true, locationContextEnabled=true, browserName=firefox, takesScreenshot=true, javascriptEnabled=true, cssSelectorsEnabled=true}]
Session ID: 0ef1f9e5-091d-4d6b-a3b3-0abf8fa9a18b
	at org.openqa.selenium.remote.RemoteWebDriver.execute(RemoteWebDriver.java:665)
	at org.openqa.selenium.remote.RemoteWebDriver.findElement(RemoteWebDriver.java:363)
	at org.openqa.selenium.remote.RemoteWebDriver.findElementByCssSelector(RemoteWebDriver.java:492)
	at org.openqa.selenium.By$ByCssSelector.findElement(By.java:430)
	at org.openqa.selenium.remote.RemoteWebDriver.findElement(RemoteWebDriver.java:355)
	at org.openqa.selenium.support.pagefactory.DefaultElementLocator.findElement(DefaultElementLocator.java:69)
	at org.openqa.selenium.support.pagefactory.internal.LocatingElementHandler.invoke(LocatingElementHandler.java:38)
	at com.sun.proxy.$Proxy11.getTagName(Unknown Source)
	at pageobjects.main.PageObject.getTextFieldValue(PageObject.java:375)
	at pageobjects.forms.SearchPage.assertNameIsPresent(SearchPage.java:53)
	at testclasses.AdminPagePartyOperationsTest.partyListRegistrationTest(AdminPagePartyOperationsTest.java:65)
	at sun.reflect.NativeMethodAccessorImpl.invoke0(Native Method)
	at sun.reflect.NativeMethodAccessorImpl.invoke(NativeMethodAccessorImpl.java:62)
	at sun.reflect.DelegatingMethodAccessorImpl.invoke(DelegatingMethodAccessorImpl.java:43)
	at java.lang.reflect.Method.invoke(Method.java:498)
	at org.testng.internal.MethodInvocationHelper.invokeMethod(MethodInvocationHelper.java:80)
	at org.testng.internal.Invoker.invokeMethod(Invoker.java:714)
	at org.testng.internal.Invoker.invokeTestMethod(Invoker.java:901)
	at org.testng.internal.Invoker.invokeTestMethods(Invoker.java:1231)
	at org.testng.internal.TestMethodWorker.invokeTestMethods(TestMethodWorker.java:127)
	at org.testng.internal.TestMethodWorker.run(TestMethodWorker.java:111)
	at org.testng.TestRunner.privateRun(TestRunner.java:767)
	at org.testng.TestRunner.run(TestRunner.java:617)
	at org.testng.SuiteRunner.runTest(SuiteRunner.java:334)
	at org.testng.SuiteRunner.runSequentially(SuiteRunner.java:329)
	at org.testng.SuiteRunner.privateRun(SuiteRunner.java:291)
	at org.testng.SuiteRunner.run(SuiteRunner.java:240)
	at org.testng.SuiteRunnerWorker.runSuite(SuiteRunnerWorker.java:52)
	at org.testng.SuiteRunnerWorker.run(SuiteRunnerWorker.java:86)
	at org.testng.TestNG.runSuitesSequentially(TestNG.java:1198)
	at org.testng.TestNG.runSuitesLocally(TestNG.java:1123)
	at org.testng.TestNG.run(TestNG.java:1031)
	at org.testng.remote.AbstractRemoteTestNG.run(AbstractRemoteTestNG.java:132)
	at org.testng.remote.RemoteTestNG.initAndRun(RemoteTestNG.java:230)
	at org.testng.remote.RemoteTestNG.main(RemoteTestNG.java:76)
Caused by: org.apache.http.conn.HttpHostConnectException: Connect to 127.0.0.1:7055 [/127.0.0.1] failed: Connection refused: connect
	at org.apache.http.impl.conn.DefaultHttpClientConnectionOperator.connect(DefaultHttpClientConnectionOperator.java:151)
	at org.apache.http.impl.conn.PoolingHttpClientConnectionManager.connect(PoolingHttpClientConnectionManager.java:353)
	at org.apache.http.impl.execchain.MainClientExec.establishRoute(MainClientExec.java:380)
	at org.apache.http.impl.execchain.MainClientExec.execute(MainClientExec.java:236)
	at org.apache.http.impl.execchain.ProtocolExec.execute(ProtocolExec.java:184)
	at org.apache.http.impl.execchain.RetryExec.execute(RetryExec.java:88)
	at org.apache.http.impl.execchain.RedirectExec.execute(RedirectExec.java:110)
	at org.apache.http.impl.client.InternalHttpClient.doExecute(InternalHttpClient.java:184)
	at org.apache.http.impl.client.CloseableHttpClient.execute(CloseableHttpClient.java:71)
	at org.apache.http.impl.client.CloseableHttpClient.execute(CloseableHttpClient.java:55)
	at org.openqa.selenium.remote.internal.ApacheHttpClient.fallBackExecute(ApacheHttpClient.java:144)
	at org.openqa.selenium.remote.internal.ApacheHttpClient.execute(ApacheHttpClient.java:90)
	at org.openqa.selenium.remote.HttpCommandExecutor.execute(HttpCommandExecutor.java:142)
	at org.openqa.selenium.firefox.internal.NewProfileExtensionConnection.execute(NewProfileExtensionConnection.java:160)
	at org.openqa.selenium.firefox.FirefoxDriver$LazyCommandExecutor.execute(FirefoxDriver.java:380)
	at org.openqa.selenium.remote.RemoteWebDriver.execute(RemoteWebDriver.java:644)
	... 34 more
Caused by: java.net.ConnectException: Connection refused: connect
	at java.net.DualStackPlainSocketImpl.waitForConnect(Native Method)
	at java.net.DualStackPlainSocketImpl.socketConnect(DualStackPlainSocketImpl.java:85)
	at java.net.AbstractPlainSocketImpl.doConnect(AbstractPlainSocketImpl.java:350)
	at java.net.AbstractPlainSocketImpl.connectToAddress(AbstractPlainSocketImpl.java:206)
	at java.net.AbstractPlainSocketImpl.connect(AbstractPlainSocketImpl.java:188)
	at java.net.PlainSocketImpl.connect(PlainSocketImpl.java:172)
	at java.net.SocksSocketImpl.connect(SocksSocketImpl.java:392)
	at java.net.Socket.connect(Socket.java:589)
	at org.apache.http.conn.socket.PlainConnectionSocketFactory.connectSocket(PlainConnectionSocketFactory.java:74)
	at org.apache.http.impl.conn.DefaultHttpClientConnectionOperator.connect(DefaultHttpClientConnectionOperator.java:134)
	... 49 more
</pre></div></td>
<td>20</td>
<td>testclasses.AdminPagePartyOperationsTest@5cb137</td></tr>
</table><p>
<table width='100%' border='1' class='invocation-passed'>
<tr><td colspan='4' align='center'><b>PASSED TESTS</b></td></tr>
<tr><td><b>Test method</b></td>
<td width="30%"><b>Exception</b></td>
<td width="10%"><b>Time (seconds)</b></td>
<td><b>Instance</b></td>
</tr>
<tr>
<td title='testclasses.AdminPageLoginTest.loginAdminWithCorrectDataTest()'><b>loginAdminWithCorrectDataTest</b><br>Test class: testclasses.AdminPageLoginTest</td>
<td></td>
<td>2</td>
<td>testclasses.AdminPageLoginTest@132ec19</td></tr>
<tr>
<td title='testclasses.AdminPageLoginTest.loginWithInvalidDataTest()'><b>loginWithInvalidDataTest</b><br>Test class: testclasses.AdminPageLoginTest</td>
<td></td>
<td>1</td>
<td>testclasses.AdminPageLoginTest@132ec19</td></tr>
</table><p>
<table width='100%' border='1' class='invocation-skipped'>
<tr><td colspan='4' align='center'><b>SKIPPED TESTS</b></td></tr>
<tr><td><b>Test method</b></td>
<td width="30%"><b>Exception</b></td>
<td width="10%"><b>Time (seconds)</b></td>
<td><b>Instance</b></td>
</tr>
<tr>
<td title='testclasses.AdminPageCountyOperationsTest.countyDeleteTest()'><b>countyDeleteTest</b><br>Test class: testclasses.AdminPageCountyOperationsTest<br>Parameters: GinApygarda</td>
<td></td>
<td>0</td>
<td>testclasses.AdminPageCountyOperationsTest@4ed9f0</td></tr>
<tr>
<td title='testclasses.AdminPageCountyOperationsTest.countyDeleteTest()'><b>countyDeleteTest</b><br>Test class: testclasses.AdminPageCountyOperationsTest<br>Parameters: OutletCity</td>
<td></td>
<td>0</td>
<td>testclasses.AdminPageCountyOperationsTest@4ed9f0</td></tr>
<tr>
<td title='testclasses.AdminPageCountyOperationsTest.countyRegistrationTest()'><b>countyRegistrationTest</b><br>Test class: testclasses.AdminPageCountyOperationsTest<br>Parameters: GinApygarda</td>
<td></td>
<td>0</td>
<td>testclasses.AdminPageCountyOperationsTest@4ed9f0</td></tr>
<tr>
<td title='testclasses.AdminPageCountyOperationsTest.countyRegistrationTest()'><b>countyRegistrationTest</b><br>Test class: testclasses.AdminPageCountyOperationsTest<br>Parameters: OutletCity</td>
<td></td>
<td>0</td>
<td>testclasses.AdminPageCountyOperationsTest@4ed9f0</td></tr>
<tr>
<td title='testclasses.AdminPagePartyOperationsTest.deletePartyWithCandidateListTest()'><b>deletePartyWithCandidateListTest</b><br>Test class: testclasses.AdminPagePartyOperationsTest<br>Parameters: Programuotoju partija, 15</td>
<td></td>
<td>0</td>
<td>testclasses.AdminPagePartyOperationsTest@5cb137</td></tr>
<tr>
<td title='testclasses.AdminPagePartyOperationsTest.deletePartyWithCandidateListTest()'><b>deletePartyWithCandidateListTest</b><br>Test class: testclasses.AdminPagePartyOperationsTest<br>Parameters: Testuotoju partija, 16</td>
<td></td>
<td>0</td>
<td>testclasses.AdminPagePartyOperationsTest@5cb137</td></tr>
<tr>
<td title='testclasses.AdminPageDistrictRegistrationTest.districtRegistrationTest()'><b>districtRegistrationTest</b><br>Test class: testclasses.AdminPageDistrictRegistrationTest<br>Parameters: Utenos, Tauralaukio, Tauralaukio g.1, 2500</td>
<td></td>
<td>0</td>
<td>testclasses.AdminPageDistrictRegistrationTest@11161c7</td></tr>
<tr>
<td title='testclasses.AdminPageDistrictRegistrationTest.districtRegistrationTest()'><b>districtRegistrationTest</b><br>Test class: testclasses.AdminPageDistrictRegistrationTest<br>Parameters: Baltijos, Perkelos, Baltijos pr.1, 3500</td>
<td></td>
<td>0</td>
<td>testclasses.AdminPageDistrictRegistrationTest@11161c7</td></tr>
<tr>
<td title='testclasses.AdminPagePartyOperationsTest.partyListRegistrationTest()'><b>partyListRegistrationTest</b><br>Test class: testclasses.AdminPagePartyOperationsTest<br>Parameters: Testuotoju partija, 16</td>
<td></td>
<td>0</td>
<td>testclasses.AdminPagePartyOperationsTest@5cb137</td></tr>
<tr>
<td title='testclasses.AdminPagePartyOperationsTest.partyRegistrationTest()'><b>partyRegistrationTest</b><br>Test class: testclasses.AdminPagePartyOperationsTest<br>Parameters: Programuotoju partija, 15</td>
<td></td>
<td>0</td>
<td>testclasses.AdminPagePartyOperationsTest@5cb137</td></tr>
<tr>
<td title='testclasses.AdminPagePartyOperationsTest.partyRegistrationTest()'><b>partyRegistrationTest</b><br>Test class: testclasses.AdminPagePartyOperationsTest<br>Parameters: Testuotoju partija, 16</td>
<td></td>
<td>0</td>
<td>testclasses.AdminPagePartyOperationsTest@5cb137</td></tr>
<tr>
<td title='testclasses.AdminPageRepresentativeRegistrationTest.representativeRegistrationTest()'><b>representativeRegistrationTest</b><br>Test class: testclasses.AdminPageRepresentativeRegistrationTest<br>Parameters: 0417, 0417, Alytaus, Jaunimo, Eduardas, Mironas</td>
<td></td>
<td>0</td>
<td>testclasses.AdminPageRepresentativeRegistrationTest@41eaa2</td></tr>
</table><p>
</body>
</html>