<?xml version="1.0" encoding="UTF-8"?>
<!-- Generated by org.testng.reporters.JUnitXMLReporter -->
<testsuite hostname="Zugera-PC" name="AdminPageOperation" tests="15" failures="1" timestamp="15 Mar 2017 12:44:23 GMT" time="67.686" errors="0">
  <testcase name="@BeforeMethod loginAsAdministrator" time="0.0" classname="testclasses.AdminPagePartyOperationsTest">
    <failure type="org.openqa.selenium.remote.UnreachableBrowserException" message="Error communicating with the remote browser. It may have died.
Build info: version: &amp;apos;2.53.1&amp;apos;, revision: &amp;apos;a36b8b1cd5757287168e54b817830adce9b0158d&amp;apos;, time: &amp;apos;2016-06-30 19:26:09&amp;apos;
System info: host: &amp;apos;Zugera-PC&amp;apos;, ip: &amp;apos;192.168.30.216&amp;apos;, os.name: &amp;apos;Windows 10&amp;apos;, os.arch: &amp;apos;x86&amp;apos;, os.version: &amp;apos;10.0&amp;apos;, java.version: &amp;apos;1.8.0_111&amp;apos;
Driver info: driver.version: RemoteWebDriver
Capabilities [{applicationCacheEnabled=true, rotatable=false, handlesAlerts=true, databaseEnabled=true, version=47.0.2, platform=WINDOWS, nativeEvents=false, acceptSslCerts=true, webStorageEnabled=true, locationContextEnabled=true, browserName=firefox, takesScreenshot=true, javascriptEnabled=true, cssSelectorsEnabled=true}]
Session ID: 0ef1f9e5-091d-4d6b-a3b3-0abf8fa9a18b">
      <![CDATA[org.openqa.selenium.remote.UnreachableBrowserException: Error communicating with the remote browser. It may have died.
Build info: version: '2.53.1', revision: 'a36b8b1cd5757287168e54b817830adce9b0158d', time: '2016-06-30 19:26:09'
System info: host: 'Zugera-PC', ip: '192.168.30.216', os.name: 'Windows 10', os.arch: 'x86', os.version: '10.0', java.version: '1.8.0_111'
Driver info: driver.version: RemoteWebDriver
Capabilities [{applicationCacheEnabled=true, rotatable=false, handlesAlerts=true, databaseEnabled=true, version=47.0.2, platform=WINDOWS, nativeEvents=false, acceptSslCerts=true, webStorageEnabled=true, locationContextEnabled=true, browserName=firefox, takesScreenshot=true, javascriptEnabled=true, cssSelectorsEnabled=true}]
Session ID: 0ef1f9e5-091d-4d6b-a3b3-0abf8fa9a18b
	at org.openqa.selenium.remote.RemoteWebDriver.execute(RemoteWebDriver.java:665)
	at org.openqa.selenium.remote.RemoteWebDriver.executeScript(RemoteWebDriver.java:577)
	at pageobjects.main.PageObject$1.apply(PageObject.java:69)
	at pageobjects.main.PageObject$1.apply(PageObject.java:1)
	at org.openqa.selenium.support.ui.FluentWait.until(FluentWait.java:238)
	at pageobjects.main.PageObject.checkIsLoaded(PageObject.java:73)
	at testclasses.AdminPagePartyOperationsTest.loginAsAdministrator(AdminPagePartyOperationsTest.java:33)
Caused by: org.apache.http.conn.HttpHostConnectException: Connect to 127.0.0.1:7055 [/127.0.0.1] failed: Connection refused: connect
	at org.apache.http.impl.conn.DefaultHttpClientConnectionOperator.connect(DefaultHttpClientConnectionOperator.java:151)
	at org.apache.http.impl.conn.PoolingHttpClientConnectionManager.connect(PoolingHttpClientConnectionManager.java:353)
	at org.apache.http.impl.execchain.MainClientExec.establishRoute(MainClientExec.java:380)
	at org.apache.http.impl.execchain.MainClientExec.execute(MainClientExec.java:236)
	at org.apache.http.impl.execchain.ProtocolExec.execute(ProtocolExec.java:184)
	at org.apache.http.impl.execchain.RetryExec.execute(RetryExec.java:88)
	at org.apache.http.impl.execchain.RedirectExec.execute(RedirectExec.java:110)
	at org.apache.http.impl.client.InternalHttpClient.doExecute(InternalHttpClient.java:184)
	at org.apache.http.impl.client.CloseableHttpClient.execute(CloseableHttpClient.java:71)
	at org.apache.http.impl.client.CloseableHttpClient.execute(CloseableHttpClient.java:55)
	at org.openqa.selenium.remote.internal.ApacheHttpClient.fallBackExecute(ApacheHttpClient.java:144)
	at org.openqa.selenium.remote.internal.ApacheHttpClient.execute(ApacheHttpClient.java:90)
	at org.openqa.selenium.remote.HttpCommandExecutor.execute(HttpCommandExecutor.java:142)
	at org.openqa.selenium.firefox.internal.NewProfileExtensionConnection.execute(NewProfileExtensionConnection.java:160)
	at org.openqa.selenium.firefox.FirefoxDriver$LazyCommandExecutor.execute(FirefoxDriver.java:380)
	at org.openqa.selenium.remote.RemoteWebDriver.execute(RemoteWebDriver.java:644)
	... 32 more
Caused by: java.net.ConnectException: Connection refused: connect
	at java.net.DualStackPlainSocketImpl.waitForConnect(Native Method)
	at java.net.DualStackPlainSocketImpl.socketConnect(DualStackPlainSocketImpl.java:85)
	at java.net.AbstractPlainSocketImpl.doConnect(AbstractPlainSocketImpl.java:350)
	at java.net.AbstractPlainSocketImpl.connectToAddress(AbstractPlainSocketImpl.java:206)
	at java.net.AbstractPlainSocketImpl.connect(AbstractPlainSocketImpl.java:188)
	at java.net.PlainSocketImpl.connect(PlainSocketImpl.java:172)
	at java.net.SocksSocketImpl.connect(SocksSocketImpl.java:392)
	at java.net.Socket.connect(Socket.java:589)
	at org.apache.http.conn.socket.PlainConnectionSocketFactory.connectSocket(PlainConnectionSocketFactory.java:74)
	at org.apache.http.impl.conn.DefaultHttpClientConnectionOperator.connect(DefaultHttpClientConnectionOperator.java:134)
	... 47 more
... Removed 26 stack frames]]>
    </failure>
  </testcase> <!-- @BeforeMethod loginAsAdministrator -->
  <testcase name="@BeforeMethod loginAsAdministrator" time="0.0" classname="testclasses.AdminPagePartyOperationsTest">
    <skipped/>
  </testcase> <!-- @BeforeMethod loginAsAdministrator -->
  <testcase name="@BeforeMethod loginAsAdministrator" time="0.0" classname="testclasses.AdminPagePartyOperationsTest">
    <skipped/>
  </testcase> <!-- @BeforeMethod loginAsAdministrator -->
  <testcase name="@BeforeMethod loginAsAdministrator" time="0.0" classname="testclasses.AdminPagePartyOperationsTest">
    <skipped/>
  </testcase> <!-- @BeforeMethod loginAsAdministrator -->
  <testcase name="@BeforeMethod loginAsAdministrator" time="0.0" classname="testclasses.AdminPagePartyOperationsTest">
    <skipped/>
  </testcase> <!-- @BeforeMethod loginAsAdministrator -->
  <testcase name="@AfterClass shutDown" time="0.0" classname="testclasses.AdminPagePartyOperationsTest">
    <skipped/>
  </testcase> <!-- @AfterClass shutDown -->
  <testcase name="@BeforeClass initialize" time="0.0" classname="testclasses.AdminPageCountyOperationsTest">
    <skipped/>
  </testcase> <!-- @BeforeClass initialize -->
  <testcase name="@BeforeMethod loginAsAdministrator" time="0.0" classname="testclasses.AdminPageCountyOperationsTest">
    <skipped/>
  </testcase> <!-- @BeforeMethod loginAsAdministrator -->
  <testcase name="@BeforeMethod loginAsAdministrator" time="0.0" classname="testclasses.AdminPageCountyOperationsTest">
    <skipped/>
  </testcase> <!-- @BeforeMethod loginAsAdministrator -->
  <testcase name="@BeforeMethod loginAsAdministrator" time="0.0" classname="testclasses.AdminPageCountyOperationsTest">
    <skipped/>
  </testcase> <!-- @BeforeMethod loginAsAdministrator -->
  <testcase name="@BeforeMethod loginAsAdministrator" time="0.0" classname="testclasses.AdminPageCountyOperationsTest">
    <skipped/>
  </testcase> <!-- @BeforeMethod loginAsAdministrator -->
  <testcase name="@AfterClass shutDown" time="0.0" classname="testclasses.AdminPageCountyOperationsTest">
    <skipped/>
  </testcase> <!-- @AfterClass shutDown -->
  <testcase name="@BeforeClass initialize" time="0.0" classname="testclasses.AdminPageDistrictRegistrationTest">
    <skipped/>
  </testcase> <!-- @BeforeClass initialize -->
  <testcase name="@BeforeMethod loginAsAdministrator" time="0.0" classname="testclasses.AdminPageDistrictRegistrationTest">
    <skipped/>
  </testcase> <!-- @BeforeMethod loginAsAdministrator -->
  <testcase name="@BeforeMethod loginAsAdministrator" time="0.0" classname="testclasses.AdminPageDistrictRegistrationTest">
    <skipped/>
  </testcase> <!-- @BeforeMethod loginAsAdministrator -->
  <testcase name="@AfterClass shutDown" time="0.0" classname="testclasses.AdminPageDistrictRegistrationTest">
    <skipped/>
  </testcase> <!-- @AfterClass shutDown -->
  <testcase name="@BeforeClass initialize" time="0.0" classname="testclasses.AdminPageRepresentativeRegistrationTest">
    <skipped/>
  </testcase> <!-- @BeforeClass initialize -->
  <testcase name="@BeforeClass loginAsAdministrator" time="0.0" classname="testclasses.AdminPageRepresentativeRegistrationTest">
    <skipped/>
  </testcase> <!-- @BeforeClass loginAsAdministrator -->
  <testcase name="@AfterClass shutDown" time="0.0" classname="testclasses.AdminPageRepresentativeRegistrationTest">
    <skipped/>
  </testcase> <!-- @AfterClass shutDown -->
  <testcase name="loginAdminWithCorrectDataTest" time="2.096" classname="testclasses.AdminPageLoginTest"/>
  <testcase name="loginWithInvalidDataTest" time="1.839" classname="testclasses.AdminPageLoginTest"/>
  <testcase name="partyListRegistrationTest" time="20.53" classname="testclasses.AdminPagePartyOperationsTest">
    <failure type="org.openqa.selenium.remote.UnreachableBrowserException" message="Error communicating with the remote browser. It may have died.
Build info: version: &amp;apos;2.53.1&amp;apos;, revision: &amp;apos;a36b8b1cd5757287168e54b817830adce9b0158d&amp;apos;, time: &amp;apos;2016-06-30 19:26:09&amp;apos;
System info: host: &amp;apos;Zugera-PC&amp;apos;, ip: &amp;apos;192.168.30.216&amp;apos;, os.name: &amp;apos;Windows 10&amp;apos;, os.arch: &amp;apos;x86&amp;apos;, os.version: &amp;apos;10.0&amp;apos;, java.version: &amp;apos;1.8.0_111&amp;apos;
Driver info: driver.version: RemoteWebDriver
Capabilities [{applicationCacheEnabled=true, rotatable=false, handlesAlerts=true, databaseEnabled=true, version=47.0.2, platform=WINDOWS, nativeEvents=false, acceptSslCerts=true, webStorageEnabled=true, locationContextEnabled=true, browserName=firefox, takesScreenshot=true, javascriptEnabled=true, cssSelectorsEnabled=true}]
Session ID: 0ef1f9e5-091d-4d6b-a3b3-0abf8fa9a18b">
      <![CDATA[org.openqa.selenium.remote.UnreachableBrowserException: Error communicating with the remote browser. It may have died.
Build info: version: '2.53.1', revision: 'a36b8b1cd5757287168e54b817830adce9b0158d', time: '2016-06-30 19:26:09'
System info: host: 'Zugera-PC', ip: '192.168.30.216', os.name: 'Windows 10', os.arch: 'x86', os.version: '10.0', java.version: '1.8.0_111'
Driver info: driver.version: RemoteWebDriver
Capabilities [{applicationCacheEnabled=true, rotatable=false, handlesAlerts=true, databaseEnabled=true, version=47.0.2, platform=WINDOWS, nativeEvents=false, acceptSslCerts=true, webStorageEnabled=true, locationContextEnabled=true, browserName=firefox, takesScreenshot=true, javascriptEnabled=true, cssSelectorsEnabled=true}]
Session ID: 0ef1f9e5-091d-4d6b-a3b3-0abf8fa9a18b
	at org.openqa.selenium.remote.RemoteWebDriver.execute(RemoteWebDriver.java:665)
	at org.openqa.selenium.remote.RemoteWebDriver.findElement(RemoteWebDriver.java:363)
	at org.openqa.selenium.remote.RemoteWebDriver.findElementByCssSelector(RemoteWebDriver.java:492)
	at org.openqa.selenium.By$ByCssSelector.findElement(By.java:430)
	at org.openqa.selenium.remote.RemoteWebDriver.findElement(RemoteWebDriver.java:355)
	at org.openqa.selenium.support.pagefactory.DefaultElementLocator.findElement(DefaultElementLocator.java:69)
	at org.openqa.selenium.support.pagefactory.internal.LocatingElementHandler.invoke(LocatingElementHandler.java:38)
	at com.sun.proxy.$Proxy11.getTagName(Unknown Source)
	at pageobjects.main.PageObject.getTextFieldValue(PageObject.java:375)
	at pageobjects.forms.SearchPage.assertNameIsPresent(SearchPage.java:53)
	at testclasses.AdminPagePartyOperationsTest.partyListRegistrationTest(AdminPagePartyOperationsTest.java:65)
Caused by: org.apache.http.conn.HttpHostConnectException: Connect to 127.0.0.1:7055 [/127.0.0.1] failed: Connection refused: connect
	at org.apache.http.impl.conn.DefaultHttpClientConnectionOperator.connect(DefaultHttpClientConnectionOperator.java:151)
	at org.apache.http.impl.conn.PoolingHttpClientConnectionManager.connect(PoolingHttpClientConnectionManager.java:353)
	at org.apache.http.impl.execchain.MainClientExec.establishRoute(MainClientExec.java:380)
	at org.apache.http.impl.execchain.MainClientExec.execute(MainClientExec.java:236)
	at org.apache.http.impl.execchain.ProtocolExec.execute(ProtocolExec.java:184)
	at org.apache.http.impl.execchain.RetryExec.execute(RetryExec.java:88)
	at org.apache.http.impl.execchain.RedirectExec.execute(RedirectExec.java:110)
	at org.apache.http.impl.client.InternalHttpClient.doExecute(InternalHttpClient.java:184)
	at org.apache.http.impl.client.CloseableHttpClient.execute(CloseableHttpClient.java:71)
	at org.apache.http.impl.client.CloseableHttpClient.execute(CloseableHttpClient.java:55)
	at org.openqa.selenium.remote.internal.ApacheHttpClient.fallBackExecute(ApacheHttpClient.java:144)
	at org.openqa.selenium.remote.internal.ApacheHttpClient.execute(ApacheHttpClient.java:90)
	at org.openqa.selenium.remote.HttpCommandExecutor.execute(HttpCommandExecutor.java:142)
	at org.openqa.selenium.firefox.internal.NewProfileExtensionConnection.execute(NewProfileExtensionConnection.java:160)
	at org.openqa.selenium.firefox.FirefoxDriver$LazyCommandExecutor.execute(FirefoxDriver.java:380)
	at org.openqa.selenium.remote.RemoteWebDriver.execute(RemoteWebDriver.java:644)
	... 34 more
Caused by: java.net.ConnectException: Connection refused: connect
	at java.net.DualStackPlainSocketImpl.waitForConnect(Native Method)
	at java.net.DualStackPlainSocketImpl.socketConnect(DualStackPlainSocketImpl.java:85)
	at java.net.AbstractPlainSocketImpl.doConnect(AbstractPlainSocketImpl.java:350)
	at java.net.AbstractPlainSocketImpl.connectToAddress(AbstractPlainSocketImpl.java:206)
	at java.net.AbstractPlainSocketImpl.connect(AbstractPlainSocketImpl.java:188)
	at java.net.PlainSocketImpl.connect(PlainSocketImpl.java:172)
	at java.net.SocksSocketImpl.connect(SocksSocketImpl.java:392)
	at java.net.Socket.connect(Socket.java:589)
	at org.apache.http.conn.socket.PlainConnectionSocketFactory.connectSocket(PlainConnectionSocketFactory.java:74)
	at org.apache.http.impl.conn.DefaultHttpClientConnectionOperator.connect(DefaultHttpClientConnectionOperator.java:134)
	... 49 more
... Removed 24 stack frames]]>
    </failure>
  </testcase> <!-- partyListRegistrationTest -->
  <testcase name="partyListRegistrationTest" time="0.005" classname="testclasses.AdminPagePartyOperationsTest">
    <skipped/>
  </testcase> <!-- partyListRegistrationTest -->
  <testcase name="deletePartyWithCandidateListTest" time="0.007" classname="testclasses.AdminPagePartyOperationsTest">
    <skipped/>
  </testcase> <!-- deletePartyWithCandidateListTest -->
  <testcase name="deletePartyWithCandidateListTest" time="0.002" classname="testclasses.AdminPagePartyOperationsTest">
    <skipped/>
  </testcase> <!-- deletePartyWithCandidateListTest -->
  <testcase name="partyRegistrationTest" time="0.001" classname="testclasses.AdminPagePartyOperationsTest">
    <skipped/>
  </testcase> <!-- partyRegistrationTest -->
  <testcase name="partyRegistrationTest" time="0.001" classname="testclasses.AdminPagePartyOperationsTest">
    <skipped/>
  </testcase> <!-- partyRegistrationTest -->
  <testcase name="countyRegistrationTest" time="0.001" classname="testclasses.AdminPageCountyOperationsTest">
    <skipped/>
  </testcase> <!-- countyRegistrationTest -->
  <testcase name="countyRegistrationTest" time="0.0" classname="testclasses.AdminPageCountyOperationsTest">
    <skipped/>
  </testcase> <!-- countyRegistrationTest -->
  <testcase name="countyDeleteTest" time="0.001" classname="testclasses.AdminPageCountyOperationsTest">
    <skipped/>
  </testcase> <!-- countyDeleteTest -->
  <testcase name="countyDeleteTest" time="0.002" classname="testclasses.AdminPageCountyOperationsTest">
    <skipped/>
  </testcase> <!-- countyDeleteTest -->
  <testcase name="districtRegistrationTest" time="0.001" classname="testclasses.AdminPageDistrictRegistrationTest">
    <skipped/>
  </testcase> <!-- districtRegistrationTest -->
  <testcase name="districtRegistrationTest" time="0.001" classname="testclasses.AdminPageDistrictRegistrationTest">
    <skipped/>
  </testcase> <!-- districtRegistrationTest -->
  <testcase name="representativeRegistrationTest" time="0.004" classname="testclasses.AdminPageRepresentativeRegistrationTest">
    <skipped/>
  </testcase> <!-- representativeRegistrationTest -->
</testsuite> <!-- AdminPageOperation -->
