<html>
<head>
<title>TestNG:  RegressionTest</title>
<link href="../testng.css" rel="stylesheet" type="text/css" />
<link href="../my-testng.css" rel="stylesheet" type="text/css" />

<style type="text/css">
.log { display: none;} 
.stack-trace { display: none;} 
</style>
<script type="text/javascript">
<!--
function flip(e) {
  current = e.style.display;
  if (current == 'block') {
    e.style.display = 'none';
    return 0;
  }
  else {
    e.style.display = 'block';
    return 1;
  }
}

function toggleBox(szDivId, elem, msg1, msg2)
{
  var res = -1;  if (document.getElementById) {
    res = flip(document.getElementById(szDivId));
  }
  else if (document.all) {
    // this is the way old msie versions work
    res = flip(document.all[szDivId]);
  }
  if(elem) {
    if(res == 0) elem.innerHTML = msg1; else elem.innerHTML = msg2;
  }

}

function toggleAllBoxes() {
  if (document.getElementsByTagName) {
    d = document.getElementsByTagName('div');
    for (i = 0; i < d.length; i++) {
      if (d[i].className == 'log') {
        flip(d[i]);
      }
    }
  }
}

// -->
</script>

</head>
<body>
<h2 align='center'>RegressionTest</h2><table border='1' align="center">
<tr>
<td>Tests passed/Failed/Skipped:</td><td>25/3/11</td>
</tr><tr>
<td>Started on:</td><td>Thu Mar 16 13:25:38 EET 2017</td>
</tr>
<tr><td>Total time:</td><td>356 seconds (356563 ms)</td>
</tr><tr>
<td>Included groups:</td><td></td>
</tr><tr>
<td>Excluded groups:</td><td></td>
</tr>
</table><p/>
<small><i>(Hover the method name to see the test class name)</i></small><p/>
<table width='100%' border='1' class='invocation-failed'>
<tr><td colspan='4' align='center'><b>FAILED CONFIGURATIONS</b></td></tr>
<tr><td><b>Test method</b></td>
<td width="30%"><b>Exception</b></td>
<td width="10%"><b>Time (seconds)</b></td>
<td><b>Instance</b></td>
</tr>
<tr>
<td title='testclasses.RepresentativePageVoteSubmitTest.login()'><b>login</b><br>Test class: testclasses.RepresentativePageVoteSubmitTest</td>
<td><div><pre>java.lang.ArrayIndexOutOfBoundsException: 4
	at pageobjects.main.TestMain.login1(TestMain.java:134)
	at pageobjects.main.TestMain.loginAsRepresentative(TestMain.java:158)
	at testclasses.RepresentativePageVoteSubmitTest.login(RepresentativePageVoteSubmitTest.java:39)
... Removed 26 stack frames</pre></div><a href='#' onClick='toggleBox("stack-trace1440114", this, "Click to show all stack frames", "Click to hide stack frames")'>Click to show all stack frames</a>
<div class='stack-trace' id='stack-trace1440114'><pre>java.lang.ArrayIndexOutOfBoundsException: 4
	at pageobjects.main.TestMain.login1(TestMain.java:134)
	at pageobjects.main.TestMain.loginAsRepresentative(TestMain.java:158)
	at testclasses.RepresentativePageVoteSubmitTest.login(RepresentativePageVoteSubmitTest.java:39)
	at sun.reflect.NativeMethodAccessorImpl.invoke0(Native Method)
	at sun.reflect.NativeMethodAccessorImpl.invoke(NativeMethodAccessorImpl.java:62)
	at sun.reflect.DelegatingMethodAccessorImpl.invoke(DelegatingMethodAccessorImpl.java:43)
	at java.lang.reflect.Method.invoke(Method.java:498)
	at org.testng.internal.MethodInvocationHelper.invokeMethod(MethodInvocationHelper.java:80)
	at org.testng.internal.Invoker.invokeConfigurationMethod(Invoker.java:564)
	at org.testng.internal.Invoker.invokeConfigurations(Invoker.java:213)
	at org.testng.internal.Invoker.invokeMethod(Invoker.java:653)
	at org.testng.internal.Invoker.invokeTestMethod(Invoker.java:901)
	at org.testng.internal.Invoker.invokeTestMethods(Invoker.java:1231)
	at org.testng.internal.TestMethodWorker.invokeTestMethods(TestMethodWorker.java:127)
	at org.testng.internal.TestMethodWorker.run(TestMethodWorker.java:111)
	at org.testng.TestRunner.privateRun(TestRunner.java:767)
	at org.testng.TestRunner.run(TestRunner.java:617)
	at org.testng.SuiteRunner.runTest(SuiteRunner.java:334)
	at org.testng.SuiteRunner.runSequentially(SuiteRunner.java:329)
	at org.testng.SuiteRunner.privateRun(SuiteRunner.java:291)
	at org.testng.SuiteRunner.run(SuiteRunner.java:240)
	at org.testng.SuiteRunnerWorker.runSuite(SuiteRunnerWorker.java:52)
	at org.testng.SuiteRunnerWorker.run(SuiteRunnerWorker.java:86)
	at org.testng.TestNG.runSuitesSequentially(TestNG.java:1198)
	at org.testng.TestNG.runSuitesLocally(TestNG.java:1123)
	at org.testng.TestNG.run(TestNG.java:1031)
	at org.testng.remote.AbstractRemoteTestNG.run(AbstractRemoteTestNG.java:132)
	at org.testng.remote.RemoteTestNG.initAndRun(RemoteTestNG.java:230)
	at org.testng.remote.RemoteTestNG.main(RemoteTestNG.java:76)
</pre></div></td>
<td>0</td>
<td>testclasses.RepresentativePageVoteSubmitTest@14b1c02</td></tr>
</table><p>
<table width='100%' border='1' class='invocation-skipped'>
<tr><td colspan='4' align='center'><b>SKIPPED CONFIGURATIONS</b></td></tr>
<tr><td><b>Test method</b></td>
<td width="30%"><b>Exception</b></td>
<td width="10%"><b>Time (seconds)</b></td>
<td><b>Instance</b></td>
</tr>
<tr>
<td title='testclasses.RepresentativePageVoteSubmitTest.login()'><b>login</b><br>Test class: testclasses.RepresentativePageVoteSubmitTest</td>
<td></td>
<td>0</td>
<td>testclasses.RepresentativePageVoteSubmitTest@14b1c02</td></tr>
<tr>
<td title='testclasses.RepresentativePageVoteSubmitTest.login()'><b>login</b><br>Test class: testclasses.RepresentativePageVoteSubmitTest</td>
<td></td>
<td>0</td>
<td>testclasses.RepresentativePageVoteSubmitTest@14b1c02</td></tr>
<tr>
<td title='testclasses.RepresentativePageVoteSubmitTest.login()'><b>login</b><br>Test class: testclasses.RepresentativePageVoteSubmitTest</td>
<td></td>
<td>0</td>
<td>testclasses.RepresentativePageVoteSubmitTest@14b1c02</td></tr>
<tr>
<td title='testclasses.AdminPagePartyOperationsTest.loginAsAdministrator()'><b>loginAsAdministrator</b><br>Test class: testclasses.AdminPagePartyOperationsTest</td>
<td></td>
<td>0</td>
<td>testclasses.AdminPagePartyOperationsTest@5cb137</td></tr>
<tr>
<td title='testclasses.AdminPagePartyOperationsTest.loginAsAdministrator()'><b>loginAsAdministrator</b><br>Test class: testclasses.AdminPagePartyOperationsTest</td>
<td></td>
<td>0</td>
<td>testclasses.AdminPagePartyOperationsTest@5cb137</td></tr>
<tr>
<td title='testclasses.AdminPagePartyOperationsTest.loginAsAdministrator()'><b>loginAsAdministrator</b><br>Test class: testclasses.AdminPagePartyOperationsTest</td>
<td></td>
<td>0</td>
<td>testclasses.AdminPagePartyOperationsTest@5cb137</td></tr>
<tr>
<td title='testclasses.AdminPageCountyOperationsTest.loginAsAdministrator()'><b>loginAsAdministrator</b><br>Test class: testclasses.AdminPageCountyOperationsTest</td>
<td></td>
<td>0</td>
<td>testclasses.AdminPageCountyOperationsTest@1efef64</td></tr>
<tr>
<td title='testclasses.AdminPageCountyOperationsTest.loginAsAdministrator()'><b>loginAsAdministrator</b><br>Test class: testclasses.AdminPageCountyOperationsTest</td>
<td></td>
<td>0</td>
<td>testclasses.AdminPageCountyOperationsTest@1efef64</td></tr>
<tr>
<td title='testclasses.AdminPageCountyOperationsTest.loginAsAdministrator()'><b>loginAsAdministrator</b><br>Test class: testclasses.AdminPageCountyOperationsTest</td>
<td></td>
<td>0</td>
<td>testclasses.AdminPageCountyOperationsTest@1efef64</td></tr>
<tr>
<td title='testclasses.AdminPageCountyOperationsTest.loginAsAdministrator()'><b>loginAsAdministrator</b><br>Test class: testclasses.AdminPageCountyOperationsTest</td>
<td></td>
<td>0</td>
<td>testclasses.AdminPageCountyOperationsTest@1efef64</td></tr>
<tr>
<td title='testclasses.RepresentativePageVoteSubmitTest.shutDown()'><b>shutDown</b><br>Test class: testclasses.RepresentativePageVoteSubmitTest</td>
<td></td>
<td>0</td>
<td>testclasses.RepresentativePageVoteSubmitTest@14b1c02</td></tr>
<tr>
<td title='testclasses.AdminPagePartyOperationsTest.shutDown()'><b>shutDown</b><br>Test class: testclasses.AdminPagePartyOperationsTest</td>
<td></td>
<td>0</td>
<td>testclasses.AdminPagePartyOperationsTest@5cb137</td></tr>
<tr>
<td title='testclasses.AdminPageDistrictOperationsTest.shutDown()'><b>shutDown</b><br>Test class: testclasses.AdminPageDistrictOperationsTest</td>
<td></td>
<td>0</td>
<td>testclasses.AdminPageDistrictOperationsTest@d62f43</td></tr>
<tr>
<td title='testclasses.AdminPageCountyOperationsTest.shutDown()'><b>shutDown</b><br>Test class: testclasses.AdminPageCountyOperationsTest</td>
<td></td>
<td>0</td>
<td>testclasses.AdminPageCountyOperationsTest@1efef64</td></tr>
</table><p>
<table width='100%' border='1' class='invocation-failed'>
<tr><td colspan='4' align='center'><b>FAILED TESTS</b></td></tr>
<tr><td><b>Test method</b></td>
<td width="30%"><b>Exception</b></td>
<td width="10%"><b>Time (seconds)</b></td>
<td><b>Instance</b></td>
</tr>
<tr>
<td title='testclasses.AdminPageDistrictOperationsTest.districtDeletionTest()'><b>districtDeletionTest</b><br>Test class: testclasses.AdminPageDistrictOperationsTest</td>
<td><div><pre>org.testng.TestNGException: 
The data provider is trying to pass 4 parameters but the method testclasses.AdminPageDistrictOperationsTest#districtDeletionTest takes 2
... Removed 18 stack frames</pre></div><a href='#' onClick='toggleBox("stack-trace12002329", this, "Click to show all stack frames", "Click to hide stack frames")'>Click to show all stack frames</a>
<div class='stack-trace' id='stack-trace12002329'><pre>org.testng.TestNGException: 
The data provider is trying to pass 4 parameters but the method testclasses.AdminPageDistrictOperationsTest#districtDeletionTest takes 2
	at org.testng.internal.Invoker.injectParameters(Invoker.java:1337)
	at org.testng.internal.Invoker.invokeTestMethods(Invoker.java:1225)
	at org.testng.internal.TestMethodWorker.invokeTestMethods(TestMethodWorker.java:127)
	at org.testng.internal.TestMethodWorker.run(TestMethodWorker.java:111)
	at org.testng.TestRunner.privateRun(TestRunner.java:767)
	at org.testng.TestRunner.run(TestRunner.java:617)
	at org.testng.SuiteRunner.runTest(SuiteRunner.java:334)
	at org.testng.SuiteRunner.runSequentially(SuiteRunner.java:329)
	at org.testng.SuiteRunner.privateRun(SuiteRunner.java:291)
	at org.testng.SuiteRunner.run(SuiteRunner.java:240)
	at org.testng.SuiteRunnerWorker.runSuite(SuiteRunnerWorker.java:52)
	at org.testng.SuiteRunnerWorker.run(SuiteRunnerWorker.java:86)
	at org.testng.TestNG.runSuitesSequentially(TestNG.java:1198)
	at org.testng.TestNG.runSuitesLocally(TestNG.java:1123)
	at org.testng.TestNG.run(TestNG.java:1031)
	at org.testng.remote.AbstractRemoteTestNG.run(AbstractRemoteTestNG.java:132)
	at org.testng.remote.RemoteTestNG.initAndRun(RemoteTestNG.java:230)
	at org.testng.remote.RemoteTestNG.main(RemoteTestNG.java:76)
</pre></div></td>
<td>0</td>
<td>testclasses.AdminPageDistrictOperationsTest@d62f43</td></tr>
<tr>
<td title='testclasses.AdminPageLoginTest.loginWithInvalidDataTest()'><b>loginWithInvalidDataTest</b><br>Test class: testclasses.AdminPageLoginTest</td>
<td><div><pre>org.openqa.selenium.WebDriverException: Element is not clickable at point (142, 31). Other element would receive the click: &lt;div style=&quot;display: block;&quot; class=&quot;fade in modal&quot; tabindex=&quot;-1&quot; role=&quot;dialog&quot;&gt;&lt;/div&gt;
Command duration or timeout: 116 milliseconds
Build info: version: &apos;2.53.1&apos;, revision: &apos;a36b8b1cd5757287168e54b817830adce9b0158d&apos;, time: &apos;2016-06-30 19:26:09&apos;
System info: host: &apos;Zugera-PC&apos;, ip: &apos;192.168.30.216&apos;, os.name: &apos;Windows 10&apos;, os.arch: &apos;x86&apos;, os.version: &apos;10.0&apos;, java.version: &apos;1.8.0_111&apos;
Driver info: org.openqa.selenium.firefox.FirefoxDriver
Capabilities [{applicationCacheEnabled=true, rotatable=false, handlesAlerts=true, databaseEnabled=true, version=47.0.2, platform=WINDOWS, nativeEvents=false, acceptSslCerts=true, webStorageEnabled=true, locationContextEnabled=true, browserName=firefox, takesScreenshot=true, javascriptEnabled=true, cssSelectorsEnabled=true}]
Session ID: e4ea73b4-5893-403a-b57f-d473553ef73c
	at org.openqa.selenium.remote.ErrorHandler.createThrowable(ErrorHandler.java:206)
	at org.openqa.selenium.remote.ErrorHandler.throwIfResponseFailed(ErrorHandler.java:158)
	at org.openqa.selenium.remote.RemoteWebDriver.execute(RemoteWebDriver.java:678)
	at org.openqa.selenium.remote.RemoteWebElement.execute(RemoteWebElement.java:327)
	at org.openqa.selenium.remote.RemoteWebElement.click(RemoteWebElement.java:85)
	at org.openqa.selenium.support.pagefactory.internal.LocatingElementHandler.invoke(LocatingElementHandler.java:51)
	at com.sun.proxy.$Proxy11.click(Unknown Source)
	at pageobjects.forms.HomePage.goHome(HomePage.java:58)
	at testclasses.AdminPageLoginTest.loginWithInvalidDataTest(AdminPageLoginTest.java:45)
... Removed 32 stack frames</pre></div><a href='#' onClick='toggleBox("stack-trace22492548", this, "Click to show all stack frames", "Click to hide stack frames")'>Click to show all stack frames</a>
<div class='stack-trace' id='stack-trace22492548'><pre>org.openqa.selenium.WebDriverException: Element is not clickable at point (142, 31). Other element would receive the click: &lt;div style=&quot;display: block;&quot; class=&quot;fade in modal&quot; tabindex=&quot;-1&quot; role=&quot;dialog&quot;&gt;&lt;/div&gt;
Command duration or timeout: 116 milliseconds
Build info: version: &apos;2.53.1&apos;, revision: &apos;a36b8b1cd5757287168e54b817830adce9b0158d&apos;, time: &apos;2016-06-30 19:26:09&apos;
System info: host: &apos;Zugera-PC&apos;, ip: &apos;192.168.30.216&apos;, os.name: &apos;Windows 10&apos;, os.arch: &apos;x86&apos;, os.version: &apos;10.0&apos;, java.version: &apos;1.8.0_111&apos;
Driver info: org.openqa.selenium.firefox.FirefoxDriver
Capabilities [{applicationCacheEnabled=true, rotatable=false, handlesAlerts=true, databaseEnabled=true, version=47.0.2, platform=WINDOWS, nativeEvents=false, acceptSslCerts=true, webStorageEnabled=true, locationContextEnabled=true, browserName=firefox, takesScreenshot=true, javascriptEnabled=true, cssSelectorsEnabled=true}]
Session ID: e4ea73b4-5893-403a-b57f-d473553ef73c
	at sun.reflect.NativeConstructorAccessorImpl.newInstance0(Native Method)
	at sun.reflect.NativeConstructorAccessorImpl.newInstance(NativeConstructorAccessorImpl.java:62)
	at sun.reflect.DelegatingConstructorAccessorImpl.newInstance(DelegatingConstructorAccessorImpl.java:45)
	at java.lang.reflect.Constructor.newInstance(Constructor.java:423)
	at org.openqa.selenium.remote.ErrorHandler.createThrowable(ErrorHandler.java:206)
	at org.openqa.selenium.remote.ErrorHandler.throwIfResponseFailed(ErrorHandler.java:158)
	at org.openqa.selenium.remote.RemoteWebDriver.execute(RemoteWebDriver.java:678)
	at org.openqa.selenium.remote.RemoteWebElement.execute(RemoteWebElement.java:327)
	at org.openqa.selenium.remote.RemoteWebElement.click(RemoteWebElement.java:85)
	at sun.reflect.NativeMethodAccessorImpl.invoke0(Native Method)
	at sun.reflect.NativeMethodAccessorImpl.invoke(NativeMethodAccessorImpl.java:62)
	at sun.reflect.DelegatingMethodAccessorImpl.invoke(DelegatingMethodAccessorImpl.java:43)
	at java.lang.reflect.Method.invoke(Method.java:498)
	at org.openqa.selenium.support.pagefactory.internal.LocatingElementHandler.invoke(LocatingElementHandler.java:51)
	at com.sun.proxy.$Proxy11.click(Unknown Source)
	at pageobjects.forms.HomePage.goHome(HomePage.java:58)
	at testclasses.AdminPageLoginTest.loginWithInvalidDataTest(AdminPageLoginTest.java:45)
	at sun.reflect.NativeMethodAccessorImpl.invoke0(Native Method)
	at sun.reflect.NativeMethodAccessorImpl.invoke(NativeMethodAccessorImpl.java:62)
	at sun.reflect.DelegatingMethodAccessorImpl.invoke(DelegatingMethodAccessorImpl.java:43)
	at java.lang.reflect.Method.invoke(Method.java:498)
	at org.testng.internal.MethodInvocationHelper.invokeMethod(MethodInvocationHelper.java:80)
	at org.testng.internal.Invoker.invokeMethod(Invoker.java:714)
	at org.testng.internal.Invoker.invokeTestMethod(Invoker.java:901)
	at org.testng.internal.Invoker.invokeTestMethods(Invoker.java:1231)
	at org.testng.internal.TestMethodWorker.invokeTestMethods(TestMethodWorker.java:127)
	at org.testng.internal.TestMethodWorker.run(TestMethodWorker.java:111)
	at org.testng.TestRunner.privateRun(TestRunner.java:767)
	at org.testng.TestRunner.run(TestRunner.java:617)
	at org.testng.SuiteRunner.runTest(SuiteRunner.java:334)
	at org.testng.SuiteRunner.runSequentially(SuiteRunner.java:329)
	at org.testng.SuiteRunner.privateRun(SuiteRunner.java:291)
	at org.testng.SuiteRunner.run(SuiteRunner.java:240)
	at org.testng.SuiteRunnerWorker.runSuite(SuiteRunnerWorker.java:52)
	at org.testng.SuiteRunnerWorker.run(SuiteRunnerWorker.java:86)
	at org.testng.TestNG.runSuitesSequentially(TestNG.java:1198)
	at org.testng.TestNG.runSuitesLocally(TestNG.java:1123)
	at org.testng.TestNG.run(TestNG.java:1031)
	at org.testng.remote.AbstractRemoteTestNG.run(AbstractRemoteTestNG.java:132)
	at org.testng.remote.RemoteTestNG.initAndRun(RemoteTestNG.java:230)
	at org.testng.remote.RemoteTestNG.main(RemoteTestNG.java:76)
</pre></div></td>
<td>1</td>
<td>testclasses.AdminPageLoginTest@41eaa2</td></tr>
<tr>
<td title='testclasses.AdminPagePartyOperationsTest.partyRegistrationTest()'><b>partyRegistrationTest</b><br>Test class: testclasses.AdminPagePartyOperationsTest<br>Parameters: Testuotoju partija, 16</td>
<td><div><pre>org.openqa.selenium.TimeoutException: Timed out after 30 seconds waiting for condition to not be valid: element ([[FirefoxDriver: firefox on WINDOWS (f80e10ba-2927-48f7-8e3d-10b479f4f049)] -&gt; css selector: div[class=&apos;alert alert-success&apos;]]) to become stale
Build info: version: &apos;2.53.1&apos;, revision: &apos;a36b8b1cd5757287168e54b817830adce9b0158d&apos;, time: &apos;2016-06-30 19:26:09&apos;
System info: host: &apos;Zugera-PC&apos;, ip: &apos;192.168.30.216&apos;, os.name: &apos;Windows 10&apos;, os.arch: &apos;x86&apos;, os.version: &apos;10.0&apos;, java.version: &apos;1.8.0_111&apos;
Driver info: org.openqa.selenium.firefox.FirefoxDriver
Capabilities [{applicationCacheEnabled=true, rotatable=false, handlesAlerts=true, databaseEnabled=true, version=47.0.2, platform=WINDOWS, nativeEvents=false, acceptSslCerts=true, webStorageEnabled=true, locationContextEnabled=true, browserName=firefox, takesScreenshot=true, javascriptEnabled=true, cssSelectorsEnabled=true}]
Session ID: f80e10ba-2927-48f7-8e3d-10b479f4f049
	at org.openqa.selenium.support.ui.WebDriverWait.timeoutException(WebDriverWait.java:80)
	at org.openqa.selenium.support.ui.FluentWait.until(FluentWait.java:261)
	at pageobjects.main.PageObject.waitForElementToBeInDOM(PageObject.java:113)
	at pageobjects.main.PageObject.assertElementIsDisplayed(PageObject.java:494)
	at pageobjects.forms.AdminPage.assertSuccessMessageIsDisplayed(AdminPage.java:257)
	at testclasses.AdminPagePartyOperationsTest.partyRegistrationTest(AdminPagePartyOperationsTest.java:51)
... Removed 24 stack frames</pre></div><a href='#' onClick='toggleBox("stack-trace518675", this, "Click to show all stack frames", "Click to hide stack frames")'>Click to show all stack frames</a>
<div class='stack-trace' id='stack-trace518675'><pre>org.openqa.selenium.TimeoutException: Timed out after 30 seconds waiting for condition to not be valid: element ([[FirefoxDriver: firefox on WINDOWS (f80e10ba-2927-48f7-8e3d-10b479f4f049)] -&gt; css selector: div[class=&apos;alert alert-success&apos;]]) to become stale
Build info: version: &apos;2.53.1&apos;, revision: &apos;a36b8b1cd5757287168e54b817830adce9b0158d&apos;, time: &apos;2016-06-30 19:26:09&apos;
System info: host: &apos;Zugera-PC&apos;, ip: &apos;192.168.30.216&apos;, os.name: &apos;Windows 10&apos;, os.arch: &apos;x86&apos;, os.version: &apos;10.0&apos;, java.version: &apos;1.8.0_111&apos;
Driver info: org.openqa.selenium.firefox.FirefoxDriver
Capabilities [{applicationCacheEnabled=true, rotatable=false, handlesAlerts=true, databaseEnabled=true, version=47.0.2, platform=WINDOWS, nativeEvents=false, acceptSslCerts=true, webStorageEnabled=true, locationContextEnabled=true, browserName=firefox, takesScreenshot=true, javascriptEnabled=true, cssSelectorsEnabled=true}]
Session ID: f80e10ba-2927-48f7-8e3d-10b479f4f049
	at org.openqa.selenium.support.ui.WebDriverWait.timeoutException(WebDriverWait.java:80)
	at org.openqa.selenium.support.ui.FluentWait.until(FluentWait.java:261)
	at pageobjects.main.PageObject.waitForElementToBeInDOM(PageObject.java:113)
	at pageobjects.main.PageObject.assertElementIsDisplayed(PageObject.java:494)
	at pageobjects.forms.AdminPage.assertSuccessMessageIsDisplayed(AdminPage.java:257)
	at testclasses.AdminPagePartyOperationsTest.partyRegistrationTest(AdminPagePartyOperationsTest.java:51)
	at sun.reflect.NativeMethodAccessorImpl.invoke0(Native Method)
	at sun.reflect.NativeMethodAccessorImpl.invoke(NativeMethodAccessorImpl.java:62)
	at sun.reflect.DelegatingMethodAccessorImpl.invoke(DelegatingMethodAccessorImpl.java:43)
	at java.lang.reflect.Method.invoke(Method.java:498)
	at org.testng.internal.MethodInvocationHelper.invokeMethod(MethodInvocationHelper.java:80)
	at org.testng.internal.Invoker.invokeMethod(Invoker.java:714)
	at org.testng.internal.Invoker.invokeTestMethod(Invoker.java:901)
	at org.testng.internal.Invoker.invokeTestMethods(Invoker.java:1231)
	at org.testng.internal.TestMethodWorker.invokeTestMethods(TestMethodWorker.java:127)
	at org.testng.internal.TestMethodWorker.run(TestMethodWorker.java:111)
	at org.testng.TestRunner.privateRun(TestRunner.java:767)
	at org.testng.TestRunner.run(TestRunner.java:617)
	at org.testng.SuiteRunner.runTest(SuiteRunner.java:334)
	at org.testng.SuiteRunner.runSequentially(SuiteRunner.java:329)
	at org.testng.SuiteRunner.privateRun(SuiteRunner.java:291)
	at org.testng.SuiteRunner.run(SuiteRunner.java:240)
	at org.testng.SuiteRunnerWorker.runSuite(SuiteRunnerWorker.java:52)
	at org.testng.SuiteRunnerWorker.run(SuiteRunnerWorker.java:86)
	at org.testng.TestNG.runSuitesSequentially(TestNG.java:1198)
	at org.testng.TestNG.runSuitesLocally(TestNG.java:1123)
	at org.testng.TestNG.run(TestNG.java:1031)
	at org.testng.remote.AbstractRemoteTestNG.run(AbstractRemoteTestNG.java:132)
	at org.testng.remote.RemoteTestNG.initAndRun(RemoteTestNG.java:230)
	at org.testng.remote.RemoteTestNG.main(RemoteTestNG.java:76)
</pre></div></td>
<td>34</td>
<td>testclasses.AdminPagePartyOperationsTest@5cb137</td></tr>
</table><p>
<table width='100%' border='1' class='invocation-passed'>
<tr><td colspan='4' align='center'><b>PASSED TESTS</b></td></tr>
<tr><td><b>Test method</b></td>
<td width="30%"><b>Exception</b></td>
<td width="10%"><b>Time (seconds)</b></td>
<td><b>Instance</b></td>
</tr>
<tr>
<td title='testclasses.AdminPageCountyOperationsTest.countyAddWhichAlreadyExistsTest()'><b>countyAddWhichAlreadyExistsTest</b><br>Test class: testclasses.AdminPageCountyOperationsTest<br>Parameters: GinApygarda</td>
<td></td>
<td>1</td>
<td>testclasses.AdminPageCountyOperationsTest@1efef64</td></tr>
<tr>
<td title='testclasses.AdminPageCountyOperationsTest.countyAddWhichAlreadyExistsTest()'><b>countyAddWhichAlreadyExistsTest</b><br>Test class: testclasses.AdminPageCountyOperationsTest<br>Parameters: OutletCity</td>
<td></td>
<td>1</td>
<td>testclasses.AdminPageCountyOperationsTest@1efef64</td></tr>
<tr>
<td title='testclasses.AdminPageCountyOperationsTest.countyCandidateListAddTest()'><b>countyCandidateListAddTest</b><br>Test class: testclasses.AdminPageCountyOperationsTest<br>Parameters: GinApygarda</td>
<td></td>
<td>2</td>
<td>testclasses.AdminPageCountyOperationsTest@1efef64</td></tr>
<tr>
<td title='testclasses.AdminPageCountyOperationsTest.countyCandidateListAddTest()'><b>countyCandidateListAddTest</b><br>Test class: testclasses.AdminPageCountyOperationsTest<br>Parameters: OutletCity</td>
<td></td>
<td>2</td>
<td>testclasses.AdminPageCountyOperationsTest@1efef64</td></tr>
<tr>
<td title='testclasses.AdminPageCountyOperationsTest.countyRegistrationTest()'><b>countyRegistrationTest</b><br>Test class: testclasses.AdminPageCountyOperationsTest<br>Parameters: GinApygarda</td>
<td></td>
<td>3</td>
<td>testclasses.AdminPageCountyOperationsTest@1efef64</td></tr>
<tr>
<td title='testclasses.AdminPageCountyOperationsTest.countyRegistrationTest()'><b>countyRegistrationTest</b><br>Test class: testclasses.AdminPageCountyOperationsTest<br>Parameters: OutletCity</td>
<td></td>
<td>2</td>
<td>testclasses.AdminPageCountyOperationsTest@1efef64</td></tr>
<tr>
<td title='testclasses.AdminPageDistrictOperationsTest.districtRegistrationTest()'><b>districtRegistrationTest</b><br>Test class: testclasses.AdminPageDistrictOperationsTest<br>Parameters: GinApygarda, Tauralaukio, Tauralaukio g.1, 2500</td>
<td></td>
<td>6</td>
<td>testclasses.AdminPageDistrictOperationsTest@d62f43</td></tr>
<tr>
<td title='testclasses.AdminPageDistrictOperationsTest.districtRegistrationTest()'><b>districtRegistrationTest</b><br>Test class: testclasses.AdminPageDistrictOperationsTest<br>Parameters: GinApygarda, Perkelos, Baltijos pr.1, 3500</td>
<td></td>
<td>7</td>
<td>testclasses.AdminPageDistrictOperationsTest@d62f43</td></tr>
<tr>
<td title='testclasses.AdminPageDistrictOperationsTest.districtRegistrationTest()'><b>districtRegistrationTest</b><br>Test class: testclasses.AdminPageDistrictOperationsTest<br>Parameters: OutletCity, Baltijos, Baltijos g.2, 3000</td>
<td></td>
<td>6</td>
<td>testclasses.AdminPageDistrictOperationsTest@d62f43</td></tr>
<tr>
<td title='testclasses.AdminPageDistrictOperationsTest.districtRegistrationTest()'><b>districtRegistrationTest</b><br>Test class: testclasses.AdminPageDistrictOperationsTest<br>Parameters: OutletCity, Romuvos, Romuvos g.5, 6000</td>
<td></td>
<td>6</td>
<td>testclasses.AdminPageDistrictOperationsTest@d62f43</td></tr>
<tr>
<td title='testclasses.AdminPageLoginTest.loginAdminWithCorrectDataTest()'><b>loginAdminWithCorrectDataTest</b><br>Test class: testclasses.AdminPageLoginTest</td>
<td></td>
<td>2</td>
<td>testclasses.AdminPageLoginTest@41eaa2</td></tr>
<tr>
<td title='testclasses.AdminPagePartyOperationsTest.partyListRegistrationTest()'><b>partyListRegistrationTest</b><br>Test class: testclasses.AdminPagePartyOperationsTest<br>Parameters: Programuotoju partija, 15</td>
<td></td>
<td>4</td>
<td>testclasses.AdminPagePartyOperationsTest@5cb137</td></tr>
<tr>
<td title='testclasses.AdminPagePartyOperationsTest.partyListRegistrationTest()'><b>partyListRegistrationTest</b><br>Test class: testclasses.AdminPagePartyOperationsTest<br>Parameters: Testuotoju partija, 16</td>
<td></td>
<td>4</td>
<td>testclasses.AdminPagePartyOperationsTest@5cb137</td></tr>
<tr>
<td title='testclasses.AdminPagePartyOperationsTest.partyListRegistrationTest()'><b>partyListRegistrationTest</b><br>Test class: testclasses.AdminPagePartyOperationsTest<br>Parameters: Destytoju partija, 17</td>
<td></td>
<td>4</td>
<td>testclasses.AdminPagePartyOperationsTest@5cb137</td></tr>
<tr>
<td title='testclasses.AdminPagePartyOperationsTest.partyRegistrationTest()'><b>partyRegistrationTest</b><br>Test class: testclasses.AdminPagePartyOperationsTest<br>Parameters: Programuotoju partija, 15</td>
<td></td>
<td>2</td>
<td>testclasses.AdminPagePartyOperationsTest@5cb137</td></tr>
<tr>
<td title='testclasses.AdminPagePartyOperationsTest.partyRegistrationTest()'><b>partyRegistrationTest</b><br>Test class: testclasses.AdminPagePartyOperationsTest<br>Parameters: Destytoju partija, 17</td>
<td></td>
<td>2</td>
<td>testclasses.AdminPagePartyOperationsTest@5cb137</td></tr>
<tr>
<td title='testclasses.AdminPageRepresentativeRegistrationTest.representativeRegistrationTest()'><b>representativeRegistrationTest</b><br>Test class: testclasses.AdminPageRepresentativeRegistrationTest<br>Parameters: 6666, 6666, GinApygarda, Tauralaukio, Eduardas, Mironas</td>
<td></td>
<td>6</td>
<td>testclasses.AdminPageRepresentativeRegistrationTest@1622fdf</td></tr>
<tr>
<td title='testclasses.AdminPageRepresentativeRegistrationTest.representativeRegistrationTest()'><b>representativeRegistrationTest</b><br>Test class: testclasses.AdminPageRepresentativeRegistrationTest<br>Parameters: 7777, 7777, GinApygarda, Perkelos, Romas, Sironas</td>
<td></td>
<td>6</td>
<td>testclasses.AdminPageRepresentativeRegistrationTest@1622fdf</td></tr>
<tr>
<td title='testclasses.AdminPageRepresentativeRegistrationTest.representativeRegistrationTest()'><b>representativeRegistrationTest</b><br>Test class: testclasses.AdminPageRepresentativeRegistrationTest<br>Parameters: 8888, 8888, OutletCity, Baltijos, Nadzia, Fedorova</td>
<td></td>
<td>6</td>
<td>testclasses.AdminPageRepresentativeRegistrationTest@1622fdf</td></tr>
<tr>
<td title='testclasses.AdminPageRepresentativeRegistrationTest.representativeRegistrationTest()'><b>representativeRegistrationTest</b><br>Test class: testclasses.AdminPageRepresentativeRegistrationTest<br>Parameters: 9999, 9999, OutletCity, Romuvos, Stasys, Steponavicius</td>
<td></td>
<td>6</td>
<td>testclasses.AdminPageRepresentativeRegistrationTest@1622fdf</td></tr>
<tr>
<td title='testclasses.SearchForCandidatesTest.searchForCandidateTest()'><b>searchForCandidateTest</b><br>Test class: testclasses.SearchForCandidatesTest<br>Parameters: Jonas Jonaitis</td>
<td></td>
<td>2</td>
<td>testclasses.SearchForCandidatesTest@93dd95</td></tr>
<tr>
<td title='testclasses.RepresentativePageVoteSubmitTest.submitVotesForCandidatesTest()'><b>submitVotesForCandidatesTest</b><br>Test class: testclasses.RepresentativePageVoteSubmitTest<br>Parameters: Tauralaukio, 5, 3, GinApygarda</td>
<td></td>
<td>9</td>
<td>testclasses.RepresentativePageVoteSubmitTest@14b1c02</td></tr>
<tr>
<td title='testclasses.RepresentativePageVoteSubmitTest.submitVotesForCandidatesTest()'><b>submitVotesForCandidatesTest</b><br>Test class: testclasses.RepresentativePageVoteSubmitTest<br>Parameters: Perkelos, 5, 3, GinApygarda</td>
<td></td>
<td>10</td>
<td>testclasses.RepresentativePageVoteSubmitTest@14b1c02</td></tr>
<tr>
<td title='testclasses.RepresentativePageVoteSubmitTest.submitVotesForCandidatesTest()'><b>submitVotesForCandidatesTest</b><br>Test class: testclasses.RepresentativePageVoteSubmitTest<br>Parameters: Baltijos, 6, 3, OutletCity</td>
<td></td>
<td>11</td>
<td>testclasses.RepresentativePageVoteSubmitTest@14b1c02</td></tr>
<tr>
<td title='testclasses.RepresentativePageVoteSubmitTest.submitVotesForCandidatesTest()'><b>submitVotesForCandidatesTest</b><br>Test class: testclasses.RepresentativePageVoteSubmitTest<br>Parameters: Romuvos, 6, 3, OutletCity</td>
<td></td>
<td>11</td>
<td>testclasses.RepresentativePageVoteSubmitTest@14b1c02</td></tr>
</table><p>
<table width='100%' border='1' class='invocation-skipped'>
<tr><td colspan='4' align='center'><b>SKIPPED TESTS</b></td></tr>
<tr><td><b>Test method</b></td>
<td width="30%"><b>Exception</b></td>
<td width="10%"><b>Time (seconds)</b></td>
<td><b>Instance</b></td>
</tr>
<tr>
<td title='testclasses.AdminPageCountyOperationsTest.countyDeleteCandidateListTest()'><b>countyDeleteCandidateListTest</b><br>Test class: testclasses.AdminPageCountyOperationsTest<br>Parameters: GinApygarda</td>
<td></td>
<td>0</td>
<td>testclasses.AdminPageCountyOperationsTest@1efef64</td></tr>
<tr>
<td title='testclasses.AdminPageCountyOperationsTest.countyDeleteCandidateListTest()'><b>countyDeleteCandidateListTest</b><br>Test class: testclasses.AdminPageCountyOperationsTest<br>Parameters: OutletCity</td>
<td></td>
<td>0</td>
<td>testclasses.AdminPageCountyOperationsTest@1efef64</td></tr>
<tr>
<td title='testclasses.AdminPageCountyOperationsTest.countyDeleteTest()'><b>countyDeleteTest</b><br>Test class: testclasses.AdminPageCountyOperationsTest<br>Parameters: GinApygarda</td>
<td></td>
<td>0</td>
<td>testclasses.AdminPageCountyOperationsTest@1efef64</td></tr>
<tr>
<td title='testclasses.AdminPageCountyOperationsTest.countyDeleteTest()'><b>countyDeleteTest</b><br>Test class: testclasses.AdminPageCountyOperationsTest<br>Parameters: OutletCity</td>
<td></td>
<td>0</td>
<td>testclasses.AdminPageCountyOperationsTest@1efef64</td></tr>
<tr>
<td title='testclasses.AdminPagePartyOperationsTest.deletePartyWithCandidateListTest()'><b>deletePartyWithCandidateListTest</b><br>Test class: testclasses.AdminPagePartyOperationsTest<br>Parameters: Programuotoju partija, 15</td>
<td></td>
<td>0</td>
<td>testclasses.AdminPagePartyOperationsTest@5cb137</td></tr>
<tr>
<td title='testclasses.AdminPagePartyOperationsTest.deletePartyWithCandidateListTest()'><b>deletePartyWithCandidateListTest</b><br>Test class: testclasses.AdminPagePartyOperationsTest<br>Parameters: Testuotoju partija, 16</td>
<td></td>
<td>0</td>
<td>testclasses.AdminPagePartyOperationsTest@5cb137</td></tr>
<tr>
<td title='testclasses.AdminPagePartyOperationsTest.deletePartyWithCandidateListTest()'><b>deletePartyWithCandidateListTest</b><br>Test class: testclasses.AdminPagePartyOperationsTest<br>Parameters: Destytoju partija, 17</td>
<td></td>
<td>0</td>
<td>testclasses.AdminPagePartyOperationsTest@5cb137</td></tr>
<tr>
<td title='testclasses.RepresentativePageVoteSubmitTest.submitVotesForPartiesTest()'><b>submitVotesForPartiesTest</b><br>Test class: testclasses.RepresentativePageVoteSubmitTest<br>Parameters: Tauralaukio, 5, 3, GinApygarda</td>
<td></td>
<td>0</td>
<td>testclasses.RepresentativePageVoteSubmitTest@14b1c02</td></tr>
<tr>
<td title='testclasses.RepresentativePageVoteSubmitTest.submitVotesForPartiesTest()'><b>submitVotesForPartiesTest</b><br>Test class: testclasses.RepresentativePageVoteSubmitTest<br>Parameters: Perkelos, 5, 3, GinApygarda</td>
<td></td>
<td>0</td>
<td>testclasses.RepresentativePageVoteSubmitTest@14b1c02</td></tr>
<tr>
<td title='testclasses.RepresentativePageVoteSubmitTest.submitVotesForPartiesTest()'><b>submitVotesForPartiesTest</b><br>Test class: testclasses.RepresentativePageVoteSubmitTest<br>Parameters: Baltijos, 6, 3, OutletCity</td>
<td></td>
<td>0</td>
<td>testclasses.RepresentativePageVoteSubmitTest@14b1c02</td></tr>
<tr>
<td title='testclasses.RepresentativePageVoteSubmitTest.submitVotesForPartiesTest()'><b>submitVotesForPartiesTest</b><br>Test class: testclasses.RepresentativePageVoteSubmitTest<br>Parameters: Romuvos, 6, 3, OutletCity</td>
<td></td>
<td>0</td>
<td>testclasses.RepresentativePageVoteSubmitTest@14b1c02</td></tr>
</table><p>
</body>
</html>