<?xml version="1.0" encoding="UTF-8"?>
<!-- Generated by org.testng.reporters.JUnitXMLReporter -->
<testsuite hostname="Zugera-PC" name="RegressionTest" tests="39" failures="3" timestamp="16 Mar 2017 11:31:35 GMT" time="356.563" errors="0">
  <testcase name="@BeforeMethod login" time="0.0" classname="testclasses.RepresentativePageVoteSubmitTest">
    <failure type="java.lang.ArrayIndexOutOfBoundsException" message="4">
      <![CDATA[java.lang.ArrayIndexOutOfBoundsException: 4
	at pageobjects.main.TestMain.login1(TestMain.java:134)
	at pageobjects.main.TestMain.loginAsRepresentative(TestMain.java:158)
	at testclasses.RepresentativePageVoteSubmitTest.login(RepresentativePageVoteSubmitTest.java:39)
... Removed 26 stack frames]]>
    </failure>
  </testcase> <!-- @BeforeMethod login -->
  <testcase name="@BeforeMethod login" time="0.0" classname="testclasses.RepresentativePageVoteSubmitTest">
    <skipped/>
  </testcase> <!-- @BeforeMethod login -->
  <testcase name="@BeforeMethod login" time="0.0" classname="testclasses.RepresentativePageVoteSubmitTest">
    <skipped/>
  </testcase> <!-- @BeforeMethod login -->
  <testcase name="@BeforeMethod login" time="0.0" classname="testclasses.RepresentativePageVoteSubmitTest">
    <skipped/>
  </testcase> <!-- @BeforeMethod login -->
  <testcase name="@AfterClass shutDown" time="0.0" classname="testclasses.RepresentativePageVoteSubmitTest">
    <skipped/>
  </testcase> <!-- @AfterClass shutDown -->
  <testcase name="@BeforeMethod loginAsAdministrator" time="0.0" classname="testclasses.AdminPagePartyOperationsTest">
    <skipped/>
  </testcase> <!-- @BeforeMethod loginAsAdministrator -->
  <testcase name="@BeforeMethod loginAsAdministrator" time="0.0" classname="testclasses.AdminPagePartyOperationsTest">
    <skipped/>
  </testcase> <!-- @BeforeMethod loginAsAdministrator -->
  <testcase name="@BeforeMethod loginAsAdministrator" time="0.0" classname="testclasses.AdminPagePartyOperationsTest">
    <skipped/>
  </testcase> <!-- @BeforeMethod loginAsAdministrator -->
  <testcase name="@AfterClass shutDown" time="0.0" classname="testclasses.AdminPagePartyOperationsTest">
    <skipped/>
  </testcase> <!-- @AfterClass shutDown -->
  <testcase name="@BeforeMethod loginAsAdministrator" time="0.0" classname="testclasses.AdminPageCountyOperationsTest">
    <skipped/>
  </testcase> <!-- @BeforeMethod loginAsAdministrator -->
  <testcase name="@BeforeMethod loginAsAdministrator" time="0.0" classname="testclasses.AdminPageCountyOperationsTest">
    <skipped/>
  </testcase> <!-- @BeforeMethod loginAsAdministrator -->
  <testcase name="@AfterClass shutDown" time="0.0" classname="testclasses.AdminPageDistrictOperationsTest">
    <skipped/>
  </testcase> <!-- @AfterClass shutDown -->
  <testcase name="@BeforeMethod loginAsAdministrator" time="0.0" classname="testclasses.AdminPageCountyOperationsTest">
    <skipped/>
  </testcase> <!-- @BeforeMethod loginAsAdministrator -->
  <testcase name="@BeforeMethod loginAsAdministrator" time="0.0" classname="testclasses.AdminPageCountyOperationsTest">
    <skipped/>
  </testcase> <!-- @BeforeMethod loginAsAdministrator -->
  <testcase name="@AfterClass shutDown" time="0.0" classname="testclasses.AdminPageCountyOperationsTest">
    <skipped/>
  </testcase> <!-- @AfterClass shutDown -->
  <testcase name="loginAdminWithCorrectDataTest" time="2.496" classname="testclasses.AdminPageLoginTest"/>
  <testcase name="loginWithInvalidDataTest" time="1.638" classname="testclasses.AdminPageLoginTest">
    <failure type="org.openqa.selenium.WebDriverException" message="Element is not clickable at point (142, 31). Other element would receive the click: &amp;lt;div style=&amp;quot;display: block;&amp;quot; class=&amp;quot;fade in modal&amp;quot; tabindex=&amp;quot;-1&amp;quot; role=&amp;quot;dialog&amp;quot;&amp;gt;&amp;lt;/div&amp;gt;
Command duration or timeout: 116 milliseconds
Build info: version: &amp;apos;2.53.1&amp;apos;, revision: &amp;apos;a36b8b1cd5757287168e54b817830adce9b0158d&amp;apos;, time: &amp;apos;2016-06-30 19:26:09&amp;apos;
System info: host: &amp;apos;Zugera-PC&amp;apos;, ip: &amp;apos;192.168.30.216&amp;apos;, os.name: &amp;apos;Windows 10&amp;apos;, os.arch: &amp;apos;x86&amp;apos;, os.version: &amp;apos;10.0&amp;apos;, java.version: &amp;apos;1.8.0_111&amp;apos;
Driver info: org.openqa.selenium.firefox.FirefoxDriver
Capabilities [{applicationCacheEnabled=true, rotatable=false, handlesAlerts=true, databaseEnabled=true, version=47.0.2, platform=WINDOWS, nativeEvents=false, acceptSslCerts=true, webStorageEnabled=true, locationContextEnabled=true, browserName=firefox, takesScreenshot=true, javascriptEnabled=true, cssSelectorsEnabled=true}]
Session ID: e4ea73b4-5893-403a-b57f-d473553ef73c">
      <![CDATA[org.openqa.selenium.WebDriverException: Element is not clickable at point (142, 31). Other element would receive the click: <div style="display: block;" class="fade in modal" tabindex="-1" role="dialog"></div>
Command duration or timeout: 116 milliseconds
Build info: version: '2.53.1', revision: 'a36b8b1cd5757287168e54b817830adce9b0158d', time: '2016-06-30 19:26:09'
System info: host: 'Zugera-PC', ip: '192.168.30.216', os.name: 'Windows 10', os.arch: 'x86', os.version: '10.0', java.version: '1.8.0_111'
Driver info: org.openqa.selenium.firefox.FirefoxDriver
Capabilities [{applicationCacheEnabled=true, rotatable=false, handlesAlerts=true, databaseEnabled=true, version=47.0.2, platform=WINDOWS, nativeEvents=false, acceptSslCerts=true, webStorageEnabled=true, locationContextEnabled=true, browserName=firefox, takesScreenshot=true, javascriptEnabled=true, cssSelectorsEnabled=true}]
Session ID: e4ea73b4-5893-403a-b57f-d473553ef73c
	at org.openqa.selenium.remote.ErrorHandler.createThrowable(ErrorHandler.java:206)
	at org.openqa.selenium.remote.ErrorHandler.throwIfResponseFailed(ErrorHandler.java:158)
	at org.openqa.selenium.remote.RemoteWebDriver.execute(RemoteWebDriver.java:678)
	at org.openqa.selenium.remote.RemoteWebElement.execute(RemoteWebElement.java:327)
	at org.openqa.selenium.remote.RemoteWebElement.click(RemoteWebElement.java:85)
	at org.openqa.selenium.support.pagefactory.internal.LocatingElementHandler.invoke(LocatingElementHandler.java:51)
	at com.sun.proxy.$Proxy11.click(Unknown Source)
	at pageobjects.forms.HomePage.goHome(HomePage.java:58)
	at testclasses.AdminPageLoginTest.loginWithInvalidDataTest(AdminPageLoginTest.java:45)
... Removed 32 stack frames]]>
    </failure>
  </testcase> <!-- loginWithInvalidDataTest -->
  <testcase name="countyRegistrationTest" time="3.226" classname="testclasses.AdminPageCountyOperationsTest"/>
  <testcase name="countyRegistrationTest" time="2.723" classname="testclasses.AdminPageCountyOperationsTest"/>
  <testcase name="countyAddWhichAlreadyExistsTest" time="1.905" classname="testclasses.AdminPageCountyOperationsTest"/>
  <testcase name="countyAddWhichAlreadyExistsTest" time="1.873" classname="testclasses.AdminPageCountyOperationsTest"/>
  <testcase name="districtRegistrationTest" time="6.227" classname="testclasses.AdminPageDistrictOperationsTest"/>
  <testcase name="districtRegistrationTest" time="7.854" classname="testclasses.AdminPageDistrictOperationsTest"/>
  <testcase name="districtRegistrationTest" time="6.937" classname="testclasses.AdminPageDistrictOperationsTest"/>
  <testcase name="districtRegistrationTest" time="6.921" classname="testclasses.AdminPageDistrictOperationsTest"/>
  <testcase name="representativeRegistrationTest" time="6.526" classname="testclasses.AdminPageRepresentativeRegistrationTest"/>
  <testcase name="representativeRegistrationTest" time="6.708" classname="testclasses.AdminPageRepresentativeRegistrationTest"/>
  <testcase name="representativeRegistrationTest" time="6.782" classname="testclasses.AdminPageRepresentativeRegistrationTest"/>
  <testcase name="representativeRegistrationTest" time="6.814" classname="testclasses.AdminPageRepresentativeRegistrationTest"/>
  <testcase name="partyRegistrationTest" time="2.922" classname="testclasses.AdminPagePartyOperationsTest"/>
  <testcase name="partyRegistrationTest" time="34.183" classname="testclasses.AdminPagePartyOperationsTest">
    <failure type="org.openqa.selenium.TimeoutException" message="Timed out after 30 seconds waiting for condition to not be valid: element ([[FirefoxDriver: firefox on WINDOWS (f80e10ba-2927-48f7-8e3d-10b479f4f049)] -&amp;gt; css selector: div[class=&amp;apos;alert alert-success&amp;apos;]]) to become stale
Build info: version: &amp;apos;2.53.1&amp;apos;, revision: &amp;apos;a36b8b1cd5757287168e54b817830adce9b0158d&amp;apos;, time: &amp;apos;2016-06-30 19:26:09&amp;apos;
System info: host: &amp;apos;Zugera-PC&amp;apos;, ip: &amp;apos;192.168.30.216&amp;apos;, os.name: &amp;apos;Windows 10&amp;apos;, os.arch: &amp;apos;x86&amp;apos;, os.version: &amp;apos;10.0&amp;apos;, java.version: &amp;apos;1.8.0_111&amp;apos;
Driver info: org.openqa.selenium.firefox.FirefoxDriver
Capabilities [{applicationCacheEnabled=true, rotatable=false, handlesAlerts=true, databaseEnabled=true, version=47.0.2, platform=WINDOWS, nativeEvents=false, acceptSslCerts=true, webStorageEnabled=true, locationContextEnabled=true, browserName=firefox, takesScreenshot=true, javascriptEnabled=true, cssSelectorsEnabled=true}]
Session ID: f80e10ba-2927-48f7-8e3d-10b479f4f049">
      <![CDATA[org.openqa.selenium.TimeoutException: Timed out after 30 seconds waiting for condition to not be valid: element ([[FirefoxDriver: firefox on WINDOWS (f80e10ba-2927-48f7-8e3d-10b479f4f049)] -> css selector: div[class='alert alert-success']]) to become stale
Build info: version: '2.53.1', revision: 'a36b8b1cd5757287168e54b817830adce9b0158d', time: '2016-06-30 19:26:09'
System info: host: 'Zugera-PC', ip: '192.168.30.216', os.name: 'Windows 10', os.arch: 'x86', os.version: '10.0', java.version: '1.8.0_111'
Driver info: org.openqa.selenium.firefox.FirefoxDriver
Capabilities [{applicationCacheEnabled=true, rotatable=false, handlesAlerts=true, databaseEnabled=true, version=47.0.2, platform=WINDOWS, nativeEvents=false, acceptSslCerts=true, webStorageEnabled=true, locationContextEnabled=true, browserName=firefox, takesScreenshot=true, javascriptEnabled=true, cssSelectorsEnabled=true}]
Session ID: f80e10ba-2927-48f7-8e3d-10b479f4f049
	at org.openqa.selenium.support.ui.WebDriverWait.timeoutException(WebDriverWait.java:80)
	at org.openqa.selenium.support.ui.FluentWait.until(FluentWait.java:261)
	at pageobjects.main.PageObject.waitForElementToBeInDOM(PageObject.java:113)
	at pageobjects.main.PageObject.assertElementIsDisplayed(PageObject.java:494)
	at pageobjects.forms.AdminPage.assertSuccessMessageIsDisplayed(AdminPage.java:257)
	at testclasses.AdminPagePartyOperationsTest.partyRegistrationTest(AdminPagePartyOperationsTest.java:51)
... Removed 24 stack frames]]>
    </failure>
  </testcase> <!-- partyRegistrationTest -->
  <testcase name="partyRegistrationTest" time="2.544" classname="testclasses.AdminPagePartyOperationsTest"/>
  <testcase name="partyListRegistrationTest" time="4.978" classname="testclasses.AdminPagePartyOperationsTest"/>
  <testcase name="partyListRegistrationTest" time="4.959" classname="testclasses.AdminPagePartyOperationsTest"/>
  <testcase name="partyListRegistrationTest" time="4.662" classname="testclasses.AdminPagePartyOperationsTest"/>
  <testcase name="countyCandidateListAddTest" time="2.436" classname="testclasses.AdminPageCountyOperationsTest"/>
  <testcase name="countyCandidateListAddTest" time="2.29" classname="testclasses.AdminPageCountyOperationsTest"/>
  <testcase name="searchForCandidateTest" time="2.507" classname="testclasses.SearchForCandidatesTest"/>
  <testcase name="submitVotesForCandidatesTest" time="9.364" classname="testclasses.RepresentativePageVoteSubmitTest"/>
  <testcase name="submitVotesForCandidatesTest" time="10.164" classname="testclasses.RepresentativePageVoteSubmitTest"/>
  <testcase name="submitVotesForCandidatesTest" time="11.487" classname="testclasses.RepresentativePageVoteSubmitTest"/>
  <testcase name="submitVotesForCandidatesTest" time="11.42" classname="testclasses.RepresentativePageVoteSubmitTest"/>
  <testcase name="submitVotesForPartiesTest" time="0.001" classname="testclasses.RepresentativePageVoteSubmitTest">
    <skipped/>
  </testcase> <!-- submitVotesForPartiesTest -->
  <testcase name="submitVotesForPartiesTest" time="0.001" classname="testclasses.RepresentativePageVoteSubmitTest">
    <skipped/>
  </testcase> <!-- submitVotesForPartiesTest -->
  <testcase name="submitVotesForPartiesTest" time="0.001" classname="testclasses.RepresentativePageVoteSubmitTest">
    <skipped/>
  </testcase> <!-- submitVotesForPartiesTest -->
  <testcase name="submitVotesForPartiesTest" time="0.0" classname="testclasses.RepresentativePageVoteSubmitTest">
    <skipped/>
  </testcase> <!-- submitVotesForPartiesTest -->
  <testcase name="deletePartyWithCandidateListTest" time="0.001" classname="testclasses.AdminPagePartyOperationsTest">
    <skipped/>
  </testcase> <!-- deletePartyWithCandidateListTest -->
  <testcase name="deletePartyWithCandidateListTest" time="0.001" classname="testclasses.AdminPagePartyOperationsTest">
    <skipped/>
  </testcase> <!-- deletePartyWithCandidateListTest -->
  <testcase name="deletePartyWithCandidateListTest" time="0.0" classname="testclasses.AdminPagePartyOperationsTest">
    <skipped/>
  </testcase> <!-- deletePartyWithCandidateListTest -->
  <testcase name="countyDeleteCandidateListTest" time="0.001" classname="testclasses.AdminPageCountyOperationsTest">
    <skipped/>
  </testcase> <!-- countyDeleteCandidateListTest -->
  <testcase name="countyDeleteCandidateListTest" time="0.003" classname="testclasses.AdminPageCountyOperationsTest">
    <skipped/>
  </testcase> <!-- countyDeleteCandidateListTest -->
  <testcase name="districtDeletionTest" time="0.002" classname="testclasses.AdminPageDistrictOperationsTest">
    <failure type="org.testng.TestNGException" message="
The data provider is trying to pass 4 parameters but the method testclasses.AdminPageDistrictOperationsTest#districtDeletionTest takes 2">
      <![CDATA[org.testng.TestNGException: 
The data provider is trying to pass 4 parameters but the method testclasses.AdminPageDistrictOperationsTest#districtDeletionTest takes 2
... Removed 18 stack frames]]>
    </failure>
  </testcase> <!-- districtDeletionTest -->
  <testcase name="countyDeleteTest" time="0.001" classname="testclasses.AdminPageCountyOperationsTest">
    <skipped/>
  </testcase> <!-- countyDeleteTest -->
  <testcase name="countyDeleteTest" time="0.003" classname="testclasses.AdminPageCountyOperationsTest">
    <skipped/>
  </testcase> <!-- countyDeleteTest -->
</testsuite> <!-- RegressionTest -->
