<?xml version="1.0" encoding="UTF-8"?>
<!-- Generated by org.testng.reporters.JUnitXMLReporter -->
<testsuite hostname="Zugera-PC" name="Default test" tests="1" failures="0" timestamp="10 Mar 2017 15:03:37 GMT" time="0.093" errors="0">
  <testcase name="@BeforeClass initialize" time="0.0" classname="testclasses.RepresentativePageCandidateVoteSubmitTest">
    <failure type="org.testng.TestNGException" message="
Parameter &amp;apos;webSiteAddress&amp;apos; is required by @Configuration on method initialize but has not been marked @Optional or defined
in C:\Users\Zugera\AppData\Local\Temp\testng-eclipse-1889096466\testng-customsuite.xml">
      <![CDATA[org.testng.TestNGException: 
Parameter 'webSiteAddress' is required by @Configuration on method initialize but has not been marked @Optional or defined
in C:\Users\Zugera\AppData\Local\Temp\testng-eclipse-1889096466\testng-customsuite.xml
	at org.testng.internal.Parameters.createParameters(Parameters.java:155)
	at org.testng.internal.Parameters.createParameters(Parameters.java:355)
	at org.testng.internal.Parameters.createConfigurationParameters(Parameters.java:86)
	at org.testng.internal.Invoker.invokeConfigurations(Invoker.java:199)
	at org.testng.internal.Invoker.invokeConfigurations(Invoker.java:138)
	at org.testng.internal.TestMethodWorker.invokeBeforeClassMethods(TestMethodWorker.java:175)
	at org.testng.internal.TestMethodWorker.run(TestMethodWorker.java:107)
	at org.testng.TestRunner.privateRun(TestRunner.java:767)
	at org.testng.TestRunner.run(TestRunner.java:617)
	at org.testng.SuiteRunner.runTest(SuiteRunner.java:334)
	at org.testng.SuiteRunner.runSequentially(SuiteRunner.java:329)
	at org.testng.SuiteRunner.privateRun(SuiteRunner.java:291)
	at org.testng.SuiteRunner.run(SuiteRunner.java:240)
	at org.testng.SuiteRunnerWorker.runSuite(SuiteRunnerWorker.java:52)
	at org.testng.SuiteRunnerWorker.run(SuiteRunnerWorker.java:86)
	at org.testng.TestNG.runSuitesSequentially(TestNG.java:1198)
	at org.testng.TestNG.runSuitesLocally(TestNG.java:1123)
	at org.testng.TestNG.run(TestNG.java:1031)
	at org.testng.remote.AbstractRemoteTestNG.run(AbstractRemoteTestNG.java:132)
	at org.testng.remote.RemoteTestNG.initAndRun(RemoteTestNG.java:230)
	at org.testng.remote.RemoteTestNG.main(RemoteTestNG.java:76)
]]>
    </failure>
  </testcase> <!-- @BeforeClass initialize -->
  <testcase name="@BeforeClass login" time="0.0" classname="testclasses.RepresentativePageCandidateVoteSubmitTest">
    <skipped/>
  </testcase> <!-- @BeforeClass login -->
  <testcase name="@AfterClass shutDown" time="0.0" classname="testclasses.RepresentativePageCandidateVoteSubmitTest">
    <skipped/>
  </testcase> <!-- @AfterClass shutDown -->
  <testcase name="submitVotesForCandidatesTest" time="0.01" classname="testclasses.RepresentativePageCandidateVoteSubmitTest">
    <skipped/>
  </testcase> <!-- submitVotesForCandidatesTest -->
</testsuite> <!-- Default test -->
