<?xml version="1.0" encoding="UTF-8"?>
<testng-results skipped="11" failed="3" total="39" passed="25">
  <reporter-output>
  </reporter-output>
  <suite name="ElectionSystemSuite" duration-ms="356563" started-at="2017-03-16T11:25:38Z" finished-at="2017-03-16T11:31:35Z">
    <groups>
    </groups>
    <test name="RegressionTest" duration-ms="356563" started-at="2017-03-16T11:25:38Z" finished-at="2017-03-16T11:31:35Z">
      <class name="testclasses.AdminPageDistrictOperationsTest">
        <test-method status="PASS" signature="initialize(java.lang.String)[pri:0, instance:testclasses.AdminPageDistrictOperationsTest@d62f43]" name="initialize" is-config="true" duration-ms="12898" started-at="2017-03-16T13:26:42Z" finished-at="2017-03-16T13:26:55Z">
          <params>
            <param index="0">
              <value>
                <![CDATA[http://localhost:8080/]]>
              </value>
            </param>
          </params>
          <reporter-output>
          </reporter-output>
        </test-method> <!-- initialize -->
        <test-method status="PASS" signature="loginAsAdministrator()[pri:0, instance:testclasses.AdminPageDistrictOperationsTest@d62f43]" name="loginAsAdministrator" is-config="true" duration-ms="8852" started-at="2017-03-16T13:26:55Z" finished-at="2017-03-16T13:27:04Z">
          <reporter-output>
          </reporter-output>
        </test-method> <!-- loginAsAdministrator -->
        <test-method status="PASS" signature="districtRegistrationTest(java.lang.String, java.lang.String, java.lang.String, java.lang.String)[pri:0, instance:testclasses.AdminPageDistrictOperationsTest@d62f43]" name="districtRegistrationTest" duration-ms="6227" started-at="2017-03-16T13:27:04Z" data-provider="testPattern" finished-at="2017-03-16T13:27:10Z">
          <params>
            <param index="0">
              <value>
                <![CDATA[GinApygarda]]>
              </value>
            </param>
            <param index="1">
              <value>
                <![CDATA[Tauralaukio]]>
              </value>
            </param>
            <param index="2">
              <value>
                <![CDATA[Tauralaukio g.1]]>
              </value>
            </param>
            <param index="3">
              <value>
                <![CDATA[2500]]>
              </value>
            </param>
          </params>
          <reporter-output>
          </reporter-output>
        </test-method> <!-- districtRegistrationTest -->
        <test-method status="PASS" signature="loginAsAdministrator()[pri:0, instance:testclasses.AdminPageDistrictOperationsTest@d62f43]" name="loginAsAdministrator" is-config="true" duration-ms="1704" started-at="2017-03-16T13:27:10Z" finished-at="2017-03-16T13:27:12Z">
          <reporter-output>
          </reporter-output>
        </test-method> <!-- loginAsAdministrator -->
        <test-method status="PASS" signature="districtRegistrationTest(java.lang.String, java.lang.String, java.lang.String, java.lang.String)[pri:0, instance:testclasses.AdminPageDistrictOperationsTest@d62f43]" name="districtRegistrationTest" duration-ms="7854" started-at="2017-03-16T13:27:12Z" data-provider="testPattern" finished-at="2017-03-16T13:27:20Z">
          <params>
            <param index="0">
              <value>
                <![CDATA[GinApygarda]]>
              </value>
            </param>
            <param index="1">
              <value>
                <![CDATA[Perkelos]]>
              </value>
            </param>
            <param index="2">
              <value>
                <![CDATA[Baltijos pr.1]]>
              </value>
            </param>
            <param index="3">
              <value>
                <![CDATA[3500]]>
              </value>
            </param>
          </params>
          <reporter-output>
          </reporter-output>
        </test-method> <!-- districtRegistrationTest -->
        <test-method status="PASS" signature="loginAsAdministrator()[pri:0, instance:testclasses.AdminPageDistrictOperationsTest@d62f43]" name="loginAsAdministrator" is-config="true" duration-ms="2797" started-at="2017-03-16T13:27:20Z" finished-at="2017-03-16T13:27:23Z">
          <reporter-output>
          </reporter-output>
        </test-method> <!-- loginAsAdministrator -->
        <test-method status="PASS" signature="districtRegistrationTest(java.lang.String, java.lang.String, java.lang.String, java.lang.String)[pri:0, instance:testclasses.AdminPageDistrictOperationsTest@d62f43]" name="districtRegistrationTest" duration-ms="6937" started-at="2017-03-16T13:27:23Z" data-provider="testPattern" finished-at="2017-03-16T13:27:30Z">
          <params>
            <param index="0">
              <value>
                <![CDATA[OutletCity]]>
              </value>
            </param>
            <param index="1">
              <value>
                <![CDATA[Baltijos]]>
              </value>
            </param>
            <param index="2">
              <value>
                <![CDATA[Baltijos g.2]]>
              </value>
            </param>
            <param index="3">
              <value>
                <![CDATA[3000]]>
              </value>
            </param>
          </params>
          <reporter-output>
          </reporter-output>
        </test-method> <!-- districtRegistrationTest -->
        <test-method status="PASS" signature="loginAsAdministrator()[pri:0, instance:testclasses.AdminPageDistrictOperationsTest@d62f43]" name="loginAsAdministrator" is-config="true" duration-ms="1888" started-at="2017-03-16T13:27:30Z" finished-at="2017-03-16T13:27:32Z">
          <reporter-output>
          </reporter-output>
        </test-method> <!-- loginAsAdministrator -->
        <test-method status="PASS" signature="districtRegistrationTest(java.lang.String, java.lang.String, java.lang.String, java.lang.String)[pri:0, instance:testclasses.AdminPageDistrictOperationsTest@d62f43]" name="districtRegistrationTest" duration-ms="6921" started-at="2017-03-16T13:27:32Z" data-provider="testPattern" finished-at="2017-03-16T13:27:38Z">
          <params>
            <param index="0">
              <value>
                <![CDATA[OutletCity]]>
              </value>
            </param>
            <param index="1">
              <value>
                <![CDATA[Romuvos]]>
              </value>
            </param>
            <param index="2">
              <value>
                <![CDATA[Romuvos g.5]]>
              </value>
            </param>
            <param index="3">
              <value>
                <![CDATA[6000]]>
              </value>
            </param>
          </params>
          <reporter-output>
          </reporter-output>
        </test-method> <!-- districtRegistrationTest -->
        <test-method status="FAIL" signature="districtDeletionTest(java.lang.String, java.lang.String)[pri:0, instance:testclasses.AdminPageDistrictOperationsTest@d62f43]" name="districtDeletionTest" duration-ms="2" started-at="2017-03-16T13:31:35Z" data-provider="testPattern" finished-at="2017-03-16T13:31:35Z">
          <exception class="org.testng.TestNGException">
            <message>
              <![CDATA[
The data provider is trying to pass 4 parameters but the method testclasses.AdminPageDistrictOperationsTest#districtDeletionTest takes 2]]>
            </message>
            <full-stacktrace>
              <![CDATA[org.testng.TestNGException: 
The data provider is trying to pass 4 parameters but the method testclasses.AdminPageDistrictOperationsTest#districtDeletionTest takes 2
	at org.testng.internal.Invoker.injectParameters(Invoker.java:1337)
	at org.testng.internal.Invoker.invokeTestMethods(Invoker.java:1225)
	at org.testng.internal.TestMethodWorker.invokeTestMethods(TestMethodWorker.java:127)
	at org.testng.internal.TestMethodWorker.run(TestMethodWorker.java:111)
	at org.testng.TestRunner.privateRun(TestRunner.java:767)
	at org.testng.TestRunner.run(TestRunner.java:617)
	at org.testng.SuiteRunner.runTest(SuiteRunner.java:334)
	at org.testng.SuiteRunner.runSequentially(SuiteRunner.java:329)
	at org.testng.SuiteRunner.privateRun(SuiteRunner.java:291)
	at org.testng.SuiteRunner.run(SuiteRunner.java:240)
	at org.testng.SuiteRunnerWorker.runSuite(SuiteRunnerWorker.java:52)
	at org.testng.SuiteRunnerWorker.run(SuiteRunnerWorker.java:86)
	at org.testng.TestNG.runSuitesSequentially(TestNG.java:1198)
	at org.testng.TestNG.runSuitesLocally(TestNG.java:1123)
	at org.testng.TestNG.run(TestNG.java:1031)
	at org.testng.remote.AbstractRemoteTestNG.run(AbstractRemoteTestNG.java:132)
	at org.testng.remote.RemoteTestNG.initAndRun(RemoteTestNG.java:230)
	at org.testng.remote.RemoteTestNG.main(RemoteTestNG.java:76)
]]>
            </full-stacktrace>
          </exception> <!-- org.testng.TestNGException -->
          <reporter-output>
          </reporter-output>
        </test-method> <!-- districtDeletionTest -->
        <test-method status="SKIP" signature="shutDown()[pri:0, instance:testclasses.AdminPageDistrictOperationsTest@d62f43]" name="shutDown" is-config="true" duration-ms="0" started-at="2017-03-16T13:31:35Z" finished-at="2017-03-16T13:31:35Z">
          <reporter-output>
          </reporter-output>
        </test-method> <!-- shutDown -->
      </class> <!-- testclasses.AdminPageDistrictOperationsTest -->
      <class name="testclasses.AdminPagePartyOperationsTest">
        <test-method status="PASS" signature="initialize(java.lang.String)[pri:0, instance:testclasses.AdminPagePartyOperationsTest@5cb137]" name="initialize" is-config="true" duration-ms="17160" started-at="2017-03-16T13:28:33Z" finished-at="2017-03-16T13:28:50Z">
          <params>
            <param index="0">
              <value>
                <![CDATA[http://localhost:8080/]]>
              </value>
            </param>
          </params>
          <reporter-output>
          </reporter-output>
        </test-method> <!-- initialize -->
        <test-method status="PASS" signature="loginAsAdministrator()[pri:0, instance:testclasses.AdminPagePartyOperationsTest@5cb137]" name="loginAsAdministrator" is-config="true" duration-ms="3135" started-at="2017-03-16T13:28:50Z" finished-at="2017-03-16T13:28:53Z">
          <reporter-output>
          </reporter-output>
        </test-method> <!-- loginAsAdministrator -->
        <test-method status="PASS" signature="partyRegistrationTest(java.lang.String, java.lang.String)[pri:0, instance:testclasses.AdminPagePartyOperationsTest@5cb137]" name="partyRegistrationTest" duration-ms="2922" started-at="2017-03-16T13:28:53Z" data-provider="testPattern" finished-at="2017-03-16T13:28:56Z">
          <params>
            <param index="0">
              <value>
                <![CDATA[Programuotoju partija]]>
              </value>
            </param>
            <param index="1">
              <value>
                <![CDATA[15]]>
              </value>
            </param>
          </params>
          <reporter-output>
          </reporter-output>
        </test-method> <!-- partyRegistrationTest -->
        <test-method status="PASS" signature="loginAsAdministrator()[pri:0, instance:testclasses.AdminPagePartyOperationsTest@5cb137]" name="loginAsAdministrator" is-config="true" duration-ms="1395" started-at="2017-03-16T13:28:56Z" finished-at="2017-03-16T13:28:58Z">
          <reporter-output>
          </reporter-output>
        </test-method> <!-- loginAsAdministrator -->
        <test-method status="FAIL" signature="partyRegistrationTest(java.lang.String, java.lang.String)[pri:0, instance:testclasses.AdminPagePartyOperationsTest@5cb137]" name="partyRegistrationTest" duration-ms="34183" started-at="2017-03-16T13:28:58Z" data-provider="testPattern" finished-at="2017-03-16T13:29:32Z">
          <params>
            <param index="0">
              <value>
                <![CDATA[Testuotoju partija]]>
              </value>
            </param>
            <param index="1">
              <value>
                <![CDATA[16]]>
              </value>
            </param>
          </params>
          <exception class="org.openqa.selenium.TimeoutException">
            <message>
              <![CDATA[Timed out after 30 seconds waiting for condition to not be valid: element ([[FirefoxDriver: firefox on WINDOWS (f80e10ba-2927-48f7-8e3d-10b479f4f049)] -> css selector: div[class='alert alert-success']]) to become stale
Build info: version: '2.53.1', revision: 'a36b8b1cd5757287168e54b817830adce9b0158d', time: '2016-06-30 19:26:09'
System info: host: 'Zugera-PC', ip: '192.168.30.216', os.name: 'Windows 10', os.arch: 'x86', os.version: '10.0', java.version: '1.8.0_111'
Driver info: org.openqa.selenium.firefox.FirefoxDriver
Capabilities [{applicationCacheEnabled=true, rotatable=false, handlesAlerts=true, databaseEnabled=true, version=47.0.2, platform=WINDOWS, nativeEvents=false, acceptSslCerts=true, webStorageEnabled=true, locationContextEnabled=true, browserName=firefox, takesScreenshot=true, javascriptEnabled=true, cssSelectorsEnabled=true}]
Session ID: f80e10ba-2927-48f7-8e3d-10b479f4f049]]>
            </message>
            <full-stacktrace>
              <![CDATA[org.openqa.selenium.TimeoutException: Timed out after 30 seconds waiting for condition to not be valid: element ([[FirefoxDriver: firefox on WINDOWS (f80e10ba-2927-48f7-8e3d-10b479f4f049)] -> css selector: div[class='alert alert-success']]) to become stale
Build info: version: '2.53.1', revision: 'a36b8b1cd5757287168e54b817830adce9b0158d', time: '2016-06-30 19:26:09'
System info: host: 'Zugera-PC', ip: '192.168.30.216', os.name: 'Windows 10', os.arch: 'x86', os.version: '10.0', java.version: '1.8.0_111'
Driver info: org.openqa.selenium.firefox.FirefoxDriver
Capabilities [{applicationCacheEnabled=true, rotatable=false, handlesAlerts=true, databaseEnabled=true, version=47.0.2, platform=WINDOWS, nativeEvents=false, acceptSslCerts=true, webStorageEnabled=true, locationContextEnabled=true, browserName=firefox, takesScreenshot=true, javascriptEnabled=true, cssSelectorsEnabled=true}]
Session ID: f80e10ba-2927-48f7-8e3d-10b479f4f049
	at org.openqa.selenium.support.ui.WebDriverWait.timeoutException(WebDriverWait.java:80)
	at org.openqa.selenium.support.ui.FluentWait.until(FluentWait.java:261)
	at pageobjects.main.PageObject.waitForElementToBeInDOM(PageObject.java:113)
	at pageobjects.main.PageObject.assertElementIsDisplayed(PageObject.java:494)
	at pageobjects.forms.AdminPage.assertSuccessMessageIsDisplayed(AdminPage.java:257)
	at testclasses.AdminPagePartyOperationsTest.partyRegistrationTest(AdminPagePartyOperationsTest.java:51)
	at sun.reflect.NativeMethodAccessorImpl.invoke0(Native Method)
	at sun.reflect.NativeMethodAccessorImpl.invoke(NativeMethodAccessorImpl.java:62)
	at sun.reflect.DelegatingMethodAccessorImpl.invoke(DelegatingMethodAccessorImpl.java:43)
	at java.lang.reflect.Method.invoke(Method.java:498)
	at org.testng.internal.MethodInvocationHelper.invokeMethod(MethodInvocationHelper.java:80)
	at org.testng.internal.Invoker.invokeMethod(Invoker.java:714)
	at org.testng.internal.Invoker.invokeTestMethod(Invoker.java:901)
	at org.testng.internal.Invoker.invokeTestMethods(Invoker.java:1231)
	at org.testng.internal.TestMethodWorker.invokeTestMethods(TestMethodWorker.java:127)
	at org.testng.internal.TestMethodWorker.run(TestMethodWorker.java:111)
	at org.testng.TestRunner.privateRun(TestRunner.java:767)
	at org.testng.TestRunner.run(TestRunner.java:617)
	at org.testng.SuiteRunner.runTest(SuiteRunner.java:334)
	at org.testng.SuiteRunner.runSequentially(SuiteRunner.java:329)
	at org.testng.SuiteRunner.privateRun(SuiteRunner.java:291)
	at org.testng.SuiteRunner.run(SuiteRunner.java:240)
	at org.testng.SuiteRunnerWorker.runSuite(SuiteRunnerWorker.java:52)
	at org.testng.SuiteRunnerWorker.run(SuiteRunnerWorker.java:86)
	at org.testng.TestNG.runSuitesSequentially(TestNG.java:1198)
	at org.testng.TestNG.runSuitesLocally(TestNG.java:1123)
	at org.testng.TestNG.run(TestNG.java:1031)
	at org.testng.remote.AbstractRemoteTestNG.run(AbstractRemoteTestNG.java:132)
	at org.testng.remote.RemoteTestNG.initAndRun(RemoteTestNG.java:230)
	at org.testng.remote.RemoteTestNG.main(RemoteTestNG.java:76)
]]>
            </full-stacktrace>
          </exception> <!-- org.openqa.selenium.TimeoutException -->
          <reporter-output>
          </reporter-output>
        </test-method> <!-- partyRegistrationTest -->
        <test-method status="PASS" signature="loginAsAdministrator()[pri:0, instance:testclasses.AdminPagePartyOperationsTest@5cb137]" name="loginAsAdministrator" is-config="true" duration-ms="1972" started-at="2017-03-16T13:29:32Z" finished-at="2017-03-16T13:29:34Z">
          <reporter-output>
          </reporter-output>
        </test-method> <!-- loginAsAdministrator -->
        <test-method status="PASS" signature="partyRegistrationTest(java.lang.String, java.lang.String)[pri:0, instance:testclasses.AdminPagePartyOperationsTest@5cb137]" name="partyRegistrationTest" duration-ms="2544" started-at="2017-03-16T13:29:34Z" data-provider="testPattern" finished-at="2017-03-16T13:29:36Z">
          <params>
            <param index="0">
              <value>
                <![CDATA[Destytoju partija]]>
              </value>
            </param>
            <param index="1">
              <value>
                <![CDATA[17]]>
              </value>
            </param>
          </params>
          <reporter-output>
          </reporter-output>
        </test-method> <!-- partyRegistrationTest -->
        <test-method status="PASS" signature="loginAsAdministrator()[pri:0, instance:testclasses.AdminPagePartyOperationsTest@5cb137]" name="loginAsAdministrator" is-config="true" duration-ms="1704" started-at="2017-03-16T13:29:36Z" finished-at="2017-03-16T13:29:38Z">
          <reporter-output>
          </reporter-output>
        </test-method> <!-- loginAsAdministrator -->
        <test-method status="PASS" signature="partyListRegistrationTest(java.lang.String, java.lang.String)[pri:0, instance:testclasses.AdminPagePartyOperationsTest@5cb137]" name="partyListRegistrationTest" duration-ms="4978" started-at="2017-03-16T13:29:38Z" data-provider="testPattern" finished-at="2017-03-16T13:29:43Z">
          <params>
            <param index="0">
              <value>
                <![CDATA[Programuotoju partija]]>
              </value>
            </param>
            <param index="1">
              <value>
                <![CDATA[15]]>
              </value>
            </param>
          </params>
          <reporter-output>
          </reporter-output>
        </test-method> <!-- partyListRegistrationTest -->
        <test-method status="PASS" signature="loginAsAdministrator()[pri:0, instance:testclasses.AdminPagePartyOperationsTest@5cb137]" name="loginAsAdministrator" is-config="true" duration-ms="1556" started-at="2017-03-16T13:29:43Z" finished-at="2017-03-16T13:29:45Z">
          <reporter-output>
          </reporter-output>
        </test-method> <!-- loginAsAdministrator -->
        <test-method status="PASS" signature="partyListRegistrationTest(java.lang.String, java.lang.String)[pri:0, instance:testclasses.AdminPagePartyOperationsTest@5cb137]" name="partyListRegistrationTest" duration-ms="4959" started-at="2017-03-16T13:29:45Z" data-provider="testPattern" finished-at="2017-03-16T13:29:50Z">
          <params>
            <param index="0">
              <value>
                <![CDATA[Testuotoju partija]]>
              </value>
            </param>
            <param index="1">
              <value>
                <![CDATA[16]]>
              </value>
            </param>
          </params>
          <reporter-output>
          </reporter-output>
        </test-method> <!-- partyListRegistrationTest -->
        <test-method status="PASS" signature="loginAsAdministrator()[pri:0, instance:testclasses.AdminPagePartyOperationsTest@5cb137]" name="loginAsAdministrator" is-config="true" duration-ms="2227" started-at="2017-03-16T13:29:50Z" finished-at="2017-03-16T13:29:52Z">
          <reporter-output>
          </reporter-output>
        </test-method> <!-- loginAsAdministrator -->
        <test-method status="PASS" signature="partyListRegistrationTest(java.lang.String, java.lang.String)[pri:0, instance:testclasses.AdminPagePartyOperationsTest@5cb137]" name="partyListRegistrationTest" duration-ms="4662" started-at="2017-03-16T13:29:52Z" data-provider="testPattern" finished-at="2017-03-16T13:29:57Z">
          <params>
            <param index="0">
              <value>
                <![CDATA[Destytoju partija]]>
              </value>
            </param>
            <param index="1">
              <value>
                <![CDATA[17]]>
              </value>
            </param>
          </params>
          <reporter-output>
          </reporter-output>
        </test-method> <!-- partyListRegistrationTest -->
        <test-method status="SKIP" signature="loginAsAdministrator()[pri:0, instance:testclasses.AdminPagePartyOperationsTest@5cb137]" name="loginAsAdministrator" is-config="true" duration-ms="0" started-at="2017-03-16T13:31:35Z" finished-at="2017-03-16T13:31:35Z">
          <reporter-output>
          </reporter-output>
        </test-method> <!-- loginAsAdministrator -->
        <test-method status="SKIP" signature="deletePartyWithCandidateListTest(java.lang.String, java.lang.String)[pri:0, instance:testclasses.AdminPagePartyOperationsTest@5cb137]" name="deletePartyWithCandidateListTest" duration-ms="1" started-at="2017-03-16T13:31:35Z" data-provider="testPattern" finished-at="2017-03-16T13:31:35Z">
          <params>
            <param index="0">
              <value>
                <![CDATA[Programuotoju partija]]>
              </value>
            </param>
            <param index="1">
              <value>
                <![CDATA[15]]>
              </value>
            </param>
          </params>
          <reporter-output>
          </reporter-output>
        </test-method> <!-- deletePartyWithCandidateListTest -->
        <test-method status="SKIP" signature="loginAsAdministrator()[pri:0, instance:testclasses.AdminPagePartyOperationsTest@5cb137]" name="loginAsAdministrator" is-config="true" duration-ms="0" started-at="2017-03-16T13:31:35Z" finished-at="2017-03-16T13:31:35Z">
          <reporter-output>
          </reporter-output>
        </test-method> <!-- loginAsAdministrator -->
        <test-method status="SKIP" signature="deletePartyWithCandidateListTest(java.lang.String, java.lang.String)[pri:0, instance:testclasses.AdminPagePartyOperationsTest@5cb137]" name="deletePartyWithCandidateListTest" duration-ms="1" started-at="2017-03-16T13:31:35Z" data-provider="testPattern" finished-at="2017-03-16T13:31:35Z">
          <params>
            <param index="0">
              <value>
                <![CDATA[Testuotoju partija]]>
              </value>
            </param>
            <param index="1">
              <value>
                <![CDATA[16]]>
              </value>
            </param>
          </params>
          <reporter-output>
          </reporter-output>
        </test-method> <!-- deletePartyWithCandidateListTest -->
        <test-method status="SKIP" signature="loginAsAdministrator()[pri:0, instance:testclasses.AdminPagePartyOperationsTest@5cb137]" name="loginAsAdministrator" is-config="true" duration-ms="0" started-at="2017-03-16T13:31:35Z" finished-at="2017-03-16T13:31:35Z">
          <reporter-output>
          </reporter-output>
        </test-method> <!-- loginAsAdministrator -->
        <test-method status="SKIP" signature="deletePartyWithCandidateListTest(java.lang.String, java.lang.String)[pri:0, instance:testclasses.AdminPagePartyOperationsTest@5cb137]" name="deletePartyWithCandidateListTest" duration-ms="0" started-at="2017-03-16T13:31:35Z" data-provider="testPattern" finished-at="2017-03-16T13:31:35Z">
          <params>
            <param index="0">
              <value>
                <![CDATA[Destytoju partija]]>
              </value>
            </param>
            <param index="1">
              <value>
                <![CDATA[17]]>
              </value>
            </param>
          </params>
          <reporter-output>
          </reporter-output>
        </test-method> <!-- deletePartyWithCandidateListTest -->
        <test-method status="SKIP" signature="shutDown()[pri:0, instance:testclasses.AdminPagePartyOperationsTest@5cb137]" name="shutDown" is-config="true" duration-ms="0" started-at="2017-03-16T13:31:35Z" finished-at="2017-03-16T13:31:35Z">
          <reporter-output>
          </reporter-output>
        </test-method> <!-- shutDown -->
      </class> <!-- testclasses.AdminPagePartyOperationsTest -->
      <class name="testclasses.AdminPageLoginTest">
        <test-method status="PASS" signature="initialize(java.lang.String)[pri:0, instance:testclasses.AdminPageLoginTest@41eaa2]" name="initialize" is-config="true" duration-ms="20159" started-at="2017-03-16T13:25:38Z" finished-at="2017-03-16T13:25:59Z">
          <params>
            <param index="0">
              <value>
                <![CDATA[http://localhost:8080/]]>
              </value>
            </param>
          </params>
          <reporter-output>
          </reporter-output>
        </test-method> <!-- initialize -->
        <test-method status="PASS" signature="openHomePage()[pri:0, instance:testclasses.AdminPageLoginTest@41eaa2]" name="openHomePage" is-config="true" duration-ms="1208" started-at="2017-03-16T13:25:59Z" finished-at="2017-03-16T13:26:00Z">
          <reporter-output>
          </reporter-output>
        </test-method> <!-- openHomePage -->
        <test-method status="PASS" signature="loginAdminWithCorrectDataTest()[pri:0, instance:testclasses.AdminPageLoginTest@41eaa2]" name="loginAdminWithCorrectDataTest" duration-ms="2496" started-at="2017-03-16T13:26:00Z" finished-at="2017-03-16T13:26:02Z">
          <reporter-output>
          </reporter-output>
        </test-method> <!-- loginAdminWithCorrectDataTest -->
        <test-method status="PASS" signature="openHomePage()[pri:0, instance:testclasses.AdminPageLoginTest@41eaa2]" name="openHomePage" is-config="true" duration-ms="369" started-at="2017-03-16T13:26:02Z" finished-at="2017-03-16T13:26:03Z">
          <reporter-output>
          </reporter-output>
        </test-method> <!-- openHomePage -->
        <test-method status="FAIL" signature="loginWithInvalidDataTest()[pri:0, instance:testclasses.AdminPageLoginTest@41eaa2]" name="loginWithInvalidDataTest" duration-ms="1638" started-at="2017-03-16T13:26:03Z" finished-at="2017-03-16T13:26:04Z">
          <exception class="org.openqa.selenium.WebDriverException">
            <message>
              <![CDATA[Element is not clickable at point (142, 31). Other element would receive the click: <div style="display: block;" class="fade in modal" tabindex="-1" role="dialog"></div>
Command duration or timeout: 116 milliseconds
Build info: version: '2.53.1', revision: 'a36b8b1cd5757287168e54b817830adce9b0158d', time: '2016-06-30 19:26:09'
System info: host: 'Zugera-PC', ip: '192.168.30.216', os.name: 'Windows 10', os.arch: 'x86', os.version: '10.0', java.version: '1.8.0_111'
Driver info: org.openqa.selenium.firefox.FirefoxDriver
Capabilities [{applicationCacheEnabled=true, rotatable=false, handlesAlerts=true, databaseEnabled=true, version=47.0.2, platform=WINDOWS, nativeEvents=false, acceptSslCerts=true, webStorageEnabled=true, locationContextEnabled=true, browserName=firefox, takesScreenshot=true, javascriptEnabled=true, cssSelectorsEnabled=true}]
Session ID: e4ea73b4-5893-403a-b57f-d473553ef73c]]>
            </message>
            <full-stacktrace>
              <![CDATA[org.openqa.selenium.WebDriverException: Element is not clickable at point (142, 31). Other element would receive the click: <div style="display: block;" class="fade in modal" tabindex="-1" role="dialog"></div>
Command duration or timeout: 116 milliseconds
Build info: version: '2.53.1', revision: 'a36b8b1cd5757287168e54b817830adce9b0158d', time: '2016-06-30 19:26:09'
System info: host: 'Zugera-PC', ip: '192.168.30.216', os.name: 'Windows 10', os.arch: 'x86', os.version: '10.0', java.version: '1.8.0_111'
Driver info: org.openqa.selenium.firefox.FirefoxDriver
Capabilities [{applicationCacheEnabled=true, rotatable=false, handlesAlerts=true, databaseEnabled=true, version=47.0.2, platform=WINDOWS, nativeEvents=false, acceptSslCerts=true, webStorageEnabled=true, locationContextEnabled=true, browserName=firefox, takesScreenshot=true, javascriptEnabled=true, cssSelectorsEnabled=true}]
Session ID: e4ea73b4-5893-403a-b57f-d473553ef73c
	at sun.reflect.NativeConstructorAccessorImpl.newInstance0(Native Method)
	at sun.reflect.NativeConstructorAccessorImpl.newInstance(NativeConstructorAccessorImpl.java:62)
	at sun.reflect.DelegatingConstructorAccessorImpl.newInstance(DelegatingConstructorAccessorImpl.java:45)
	at java.lang.reflect.Constructor.newInstance(Constructor.java:423)
	at org.openqa.selenium.remote.ErrorHandler.createThrowable(ErrorHandler.java:206)
	at org.openqa.selenium.remote.ErrorHandler.throwIfResponseFailed(ErrorHandler.java:158)
	at org.openqa.selenium.remote.RemoteWebDriver.execute(RemoteWebDriver.java:678)
	at org.openqa.selenium.remote.RemoteWebElement.execute(RemoteWebElement.java:327)
	at org.openqa.selenium.remote.RemoteWebElement.click(RemoteWebElement.java:85)
	at sun.reflect.NativeMethodAccessorImpl.invoke0(Native Method)
	at sun.reflect.NativeMethodAccessorImpl.invoke(NativeMethodAccessorImpl.java:62)
	at sun.reflect.DelegatingMethodAccessorImpl.invoke(DelegatingMethodAccessorImpl.java:43)
	at java.lang.reflect.Method.invoke(Method.java:498)
	at org.openqa.selenium.support.pagefactory.internal.LocatingElementHandler.invoke(LocatingElementHandler.java:51)
	at com.sun.proxy.$Proxy11.click(Unknown Source)
	at pageobjects.forms.HomePage.goHome(HomePage.java:58)
	at testclasses.AdminPageLoginTest.loginWithInvalidDataTest(AdminPageLoginTest.java:45)
	at sun.reflect.NativeMethodAccessorImpl.invoke0(Native Method)
	at sun.reflect.NativeMethodAccessorImpl.invoke(NativeMethodAccessorImpl.java:62)
	at sun.reflect.DelegatingMethodAccessorImpl.invoke(DelegatingMethodAccessorImpl.java:43)
	at java.lang.reflect.Method.invoke(Method.java:498)
	at org.testng.internal.MethodInvocationHelper.invokeMethod(MethodInvocationHelper.java:80)
	at org.testng.internal.Invoker.invokeMethod(Invoker.java:714)
	at org.testng.internal.Invoker.invokeTestMethod(Invoker.java:901)
	at org.testng.internal.Invoker.invokeTestMethods(Invoker.java:1231)
	at org.testng.internal.TestMethodWorker.invokeTestMethods(TestMethodWorker.java:127)
	at org.testng.internal.TestMethodWorker.run(TestMethodWorker.java:111)
	at org.testng.TestRunner.privateRun(TestRunner.java:767)
	at org.testng.TestRunner.run(TestRunner.java:617)
	at org.testng.SuiteRunner.runTest(SuiteRunner.java:334)
	at org.testng.SuiteRunner.runSequentially(SuiteRunner.java:329)
	at org.testng.SuiteRunner.privateRun(SuiteRunner.java:291)
	at org.testng.SuiteRunner.run(SuiteRunner.java:240)
	at org.testng.SuiteRunnerWorker.runSuite(SuiteRunnerWorker.java:52)
	at org.testng.SuiteRunnerWorker.run(SuiteRunnerWorker.java:86)
	at org.testng.TestNG.runSuitesSequentially(TestNG.java:1198)
	at org.testng.TestNG.runSuitesLocally(TestNG.java:1123)
	at org.testng.TestNG.run(TestNG.java:1031)
	at org.testng.remote.AbstractRemoteTestNG.run(AbstractRemoteTestNG.java:132)
	at org.testng.remote.RemoteTestNG.initAndRun(RemoteTestNG.java:230)
	at org.testng.remote.RemoteTestNG.main(RemoteTestNG.java:76)
]]>
            </full-stacktrace>
          </exception> <!-- org.openqa.selenium.WebDriverException -->
          <reporter-output>
          </reporter-output>
        </test-method> <!-- loginWithInvalidDataTest -->
        <test-method status="PASS" signature="shutDown()[pri:0, instance:testclasses.AdminPageLoginTest@41eaa2]" name="shutDown" is-config="true" duration-ms="840" started-at="2017-03-16T13:26:04Z" finished-at="2017-03-16T13:26:05Z">
          <reporter-output>
          </reporter-output>
        </test-method> <!-- shutDown -->
      </class> <!-- testclasses.AdminPageLoginTest -->
      <class name="testclasses.SearchForCandidatesTest">
        <test-method status="PASS" signature="initialize(java.lang.String)[pri:0, instance:testclasses.SearchForCandidatesTest@93dd95]" name="initialize" is-config="true" duration-ms="17044" started-at="2017-03-16T13:30:05Z" finished-at="2017-03-16T13:30:22Z">
          <params>
            <param index="0">
              <value>
                <![CDATA[http://localhost:8080/]]>
              </value>
            </param>
          </params>
          <reporter-output>
          </reporter-output>
        </test-method> <!-- initialize -->
        <test-method status="PASS" signature="openSearchPage()[pri:0, instance:testclasses.SearchForCandidatesTest@93dd95]" name="openSearchPage" is-config="true" duration-ms="1662" started-at="2017-03-16T13:30:22Z" finished-at="2017-03-16T13:30:24Z">
          <reporter-output>
          </reporter-output>
        </test-method> <!-- openSearchPage -->
        <test-method status="PASS" signature="searchForCandidateTest(java.lang.String)[pri:0, instance:testclasses.SearchForCandidatesTest@93dd95]" name="searchForCandidateTest" duration-ms="2507" started-at="2017-03-16T13:30:24Z" data-provider="testPattern" finished-at="2017-03-16T13:30:27Z">
          <params>
            <param index="0">
              <value>
                <![CDATA[Jonas Jonaitis]]>
              </value>
            </param>
          </params>
          <reporter-output>
          </reporter-output>
        </test-method> <!-- searchForCandidateTest -->
        <test-method status="PASS" signature="shutDown()[pri:0, instance:testclasses.SearchForCandidatesTest@93dd95]" name="shutDown" is-config="true" duration-ms="685" started-at="2017-03-16T13:30:27Z" finished-at="2017-03-16T13:30:27Z">
          <reporter-output>
          </reporter-output>
        </test-method> <!-- shutDown -->
      </class> <!-- testclasses.SearchForCandidatesTest -->
      <class name="testclasses.AdminPageCountyOperationsTest">
        <test-method status="PASS" signature="initialize(java.lang.String)[pri:0, instance:testclasses.AdminPageCountyOperationsTest@1efef64]" name="initialize" is-config="true" duration-ms="18618" started-at="2017-03-16T13:26:05Z" finished-at="2017-03-16T13:26:24Z">
          <params>
            <param index="0">
              <value>
                <![CDATA[http://localhost:8080/]]>
              </value>
            </param>
          </params>
          <reporter-output>
          </reporter-output>
        </test-method> <!-- initialize -->
        <test-method status="PASS" signature="loginAsAdministrator()[pri:0, instance:testclasses.AdminPageCountyOperationsTest@1efef64]" name="loginAsAdministrator" is-config="true" duration-ms="3057" started-at="2017-03-16T13:26:24Z" finished-at="2017-03-16T13:26:27Z">
          <reporter-output>
          </reporter-output>
        </test-method> <!-- loginAsAdministrator -->
        <test-method status="PASS" signature="countyRegistrationTest(java.lang.String)[pri:0, instance:testclasses.AdminPageCountyOperationsTest@1efef64]" name="countyRegistrationTest" duration-ms="3226" started-at="2017-03-16T13:26:27Z" data-provider="testPattern" finished-at="2017-03-16T13:26:30Z">
          <params>
            <param index="0">
              <value>
                <![CDATA[GinApygarda]]>
              </value>
            </param>
          </params>
          <reporter-output>
          </reporter-output>
        </test-method> <!-- countyRegistrationTest -->
        <test-method status="PASS" signature="loginAsAdministrator()[pri:0, instance:testclasses.AdminPageCountyOperationsTest@1efef64]" name="loginAsAdministrator" is-config="true" duration-ms="1668" started-at="2017-03-16T13:26:30Z" finished-at="2017-03-16T13:26:32Z">
          <reporter-output>
          </reporter-output>
        </test-method> <!-- loginAsAdministrator -->
        <test-method status="PASS" signature="countyRegistrationTest(java.lang.String)[pri:0, instance:testclasses.AdminPageCountyOperationsTest@1efef64]" name="countyRegistrationTest" duration-ms="2723" started-at="2017-03-16T13:26:32Z" data-provider="testPattern" finished-at="2017-03-16T13:26:35Z">
          <params>
            <param index="0">
              <value>
                <![CDATA[OutletCity]]>
              </value>
            </param>
          </params>
          <reporter-output>
          </reporter-output>
        </test-method> <!-- countyRegistrationTest -->
        <test-method status="PASS" signature="loginAsAdministrator()[pri:0, instance:testclasses.AdminPageCountyOperationsTest@1efef64]" name="loginAsAdministrator" is-config="true" duration-ms="1704" started-at="2017-03-16T13:26:35Z" finished-at="2017-03-16T13:26:36Z">
          <reporter-output>
          </reporter-output>
        </test-method> <!-- loginAsAdministrator -->
        <test-method status="PASS" signature="countyAddWhichAlreadyExistsTest(java.lang.String)[pri:0, instance:testclasses.AdminPageCountyOperationsTest@1efef64]" name="countyAddWhichAlreadyExistsTest" duration-ms="1905" started-at="2017-03-16T13:26:36Z" data-provider="testPattern" finished-at="2017-03-16T13:26:38Z">
          <params>
            <param index="0">
              <value>
                <![CDATA[GinApygarda]]>
              </value>
            </param>
          </params>
          <reporter-output>
          </reporter-output>
        </test-method> <!-- countyAddWhichAlreadyExistsTest -->
        <test-method status="PASS" signature="loginAsAdministrator()[pri:0, instance:testclasses.AdminPageCountyOperationsTest@1efef64]" name="loginAsAdministrator" is-config="true" duration-ms="2403" started-at="2017-03-16T13:26:38Z" finished-at="2017-03-16T13:26:41Z">
          <reporter-output>
          </reporter-output>
        </test-method> <!-- loginAsAdministrator -->
        <test-method status="PASS" signature="countyAddWhichAlreadyExistsTest(java.lang.String)[pri:0, instance:testclasses.AdminPageCountyOperationsTest@1efef64]" name="countyAddWhichAlreadyExistsTest" duration-ms="1873" started-at="2017-03-16T13:26:41Z" data-provider="testPattern" finished-at="2017-03-16T13:26:42Z">
          <params>
            <param index="0">
              <value>
                <![CDATA[OutletCity]]>
              </value>
            </param>
          </params>
          <reporter-output>
          </reporter-output>
        </test-method> <!-- countyAddWhichAlreadyExistsTest -->
        <test-method status="PASS" signature="loginAsAdministrator()[pri:0, instance:testclasses.AdminPageCountyOperationsTest@1efef64]" name="loginAsAdministrator" is-config="true" duration-ms="2325" started-at="2017-03-16T13:29:57Z" finished-at="2017-03-16T13:29:59Z">
          <reporter-output>
          </reporter-output>
        </test-method> <!-- loginAsAdministrator -->
        <test-method status="PASS" signature="countyCandidateListAddTest(java.lang.String)[pri:0, instance:testclasses.AdminPageCountyOperationsTest@1efef64]" name="countyCandidateListAddTest" duration-ms="2436" started-at="2017-03-16T13:29:59Z" data-provider="testPattern" finished-at="2017-03-16T13:30:01Z">
          <params>
            <param index="0">
              <value>
                <![CDATA[GinApygarda]]>
              </value>
            </param>
          </params>
          <reporter-output>
          </reporter-output>
        </test-method> <!-- countyCandidateListAddTest -->
        <test-method status="PASS" signature="loginAsAdministrator()[pri:0, instance:testclasses.AdminPageCountyOperationsTest@1efef64]" name="loginAsAdministrator" is-config="true" duration-ms="1789" started-at="2017-03-16T13:30:01Z" finished-at="2017-03-16T13:30:03Z">
          <reporter-output>
          </reporter-output>
        </test-method> <!-- loginAsAdministrator -->
        <test-method status="PASS" signature="countyCandidateListAddTest(java.lang.String)[pri:0, instance:testclasses.AdminPageCountyOperationsTest@1efef64]" name="countyCandidateListAddTest" duration-ms="2290" started-at="2017-03-16T13:30:03Z" data-provider="testPattern" finished-at="2017-03-16T13:30:05Z">
          <params>
            <param index="0">
              <value>
                <![CDATA[OutletCity]]>
              </value>
            </param>
          </params>
          <reporter-output>
          </reporter-output>
        </test-method> <!-- countyCandidateListAddTest -->
        <test-method status="SKIP" signature="loginAsAdministrator()[pri:0, instance:testclasses.AdminPageCountyOperationsTest@1efef64]" name="loginAsAdministrator" is-config="true" duration-ms="0" started-at="2017-03-16T13:31:35Z" finished-at="2017-03-16T13:31:35Z">
          <reporter-output>
          </reporter-output>
        </test-method> <!-- loginAsAdministrator -->
        <test-method status="SKIP" signature="countyDeleteCandidateListTest(java.lang.String)[pri:0, instance:testclasses.AdminPageCountyOperationsTest@1efef64]" name="countyDeleteCandidateListTest" duration-ms="1" started-at="2017-03-16T13:31:35Z" data-provider="testPattern" finished-at="2017-03-16T13:31:35Z">
          <params>
            <param index="0">
              <value>
                <![CDATA[GinApygarda]]>
              </value>
            </param>
          </params>
          <reporter-output>
          </reporter-output>
        </test-method> <!-- countyDeleteCandidateListTest -->
        <test-method status="SKIP" signature="loginAsAdministrator()[pri:0, instance:testclasses.AdminPageCountyOperationsTest@1efef64]" name="loginAsAdministrator" is-config="true" duration-ms="0" started-at="2017-03-16T13:31:35Z" finished-at="2017-03-16T13:31:35Z">
          <reporter-output>
          </reporter-output>
        </test-method> <!-- loginAsAdministrator -->
        <test-method status="SKIP" signature="countyDeleteCandidateListTest(java.lang.String)[pri:0, instance:testclasses.AdminPageCountyOperationsTest@1efef64]" name="countyDeleteCandidateListTest" duration-ms="3" started-at="2017-03-16T13:31:35Z" data-provider="testPattern" finished-at="2017-03-16T13:31:35Z">
          <params>
            <param index="0">
              <value>
                <![CDATA[OutletCity]]>
              </value>
            </param>
          </params>
          <reporter-output>
          </reporter-output>
        </test-method> <!-- countyDeleteCandidateListTest -->
        <test-method status="SKIP" signature="loginAsAdministrator()[pri:0, instance:testclasses.AdminPageCountyOperationsTest@1efef64]" name="loginAsAdministrator" is-config="true" duration-ms="0" started-at="2017-03-16T13:31:35Z" finished-at="2017-03-16T13:31:35Z">
          <reporter-output>
          </reporter-output>
        </test-method> <!-- loginAsAdministrator -->
        <test-method status="SKIP" signature="countyDeleteTest(java.lang.String)[pri:0, instance:testclasses.AdminPageCountyOperationsTest@1efef64]" name="countyDeleteTest" duration-ms="1" started-at="2017-03-16T13:31:35Z" data-provider="testPattern" finished-at="2017-03-16T13:31:35Z">
          <params>
            <param index="0">
              <value>
                <![CDATA[GinApygarda]]>
              </value>
            </param>
          </params>
          <reporter-output>
          </reporter-output>
        </test-method> <!-- countyDeleteTest -->
        <test-method status="SKIP" signature="loginAsAdministrator()[pri:0, instance:testclasses.AdminPageCountyOperationsTest@1efef64]" name="loginAsAdministrator" is-config="true" duration-ms="0" started-at="2017-03-16T13:31:35Z" finished-at="2017-03-16T13:31:35Z">
          <reporter-output>
          </reporter-output>
        </test-method> <!-- loginAsAdministrator -->
        <test-method status="SKIP" signature="countyDeleteTest(java.lang.String)[pri:0, instance:testclasses.AdminPageCountyOperationsTest@1efef64]" name="countyDeleteTest" duration-ms="3" started-at="2017-03-16T13:31:35Z" data-provider="testPattern" finished-at="2017-03-16T13:31:35Z">
          <params>
            <param index="0">
              <value>
                <![CDATA[OutletCity]]>
              </value>
            </param>
          </params>
          <reporter-output>
          </reporter-output>
        </test-method> <!-- countyDeleteTest -->
        <test-method status="SKIP" signature="shutDown()[pri:0, instance:testclasses.AdminPageCountyOperationsTest@1efef64]" name="shutDown" is-config="true" duration-ms="0" started-at="2017-03-16T13:31:35Z" finished-at="2017-03-16T13:31:35Z">
          <reporter-output>
          </reporter-output>
        </test-method> <!-- shutDown -->
      </class> <!-- testclasses.AdminPageCountyOperationsTest -->
      <class name="testclasses.AdminPageRepresentativeRegistrationTest">
        <test-method status="PASS" signature="initialize(java.lang.String)[pri:0, instance:testclasses.AdminPageRepresentativeRegistrationTest@1622fdf]" name="initialize" is-config="true" duration-ms="12543" started-at="2017-03-16T13:27:38Z" finished-at="2017-03-16T13:27:51Z">
          <params>
            <param index="0">
              <value>
                <![CDATA[http://localhost:8080/]]>
              </value>
            </param>
          </params>
          <reporter-output>
          </reporter-output>
        </test-method> <!-- initialize -->
        <test-method status="PASS" signature="loginAsAdministrator()[pri:0, instance:testclasses.AdminPageRepresentativeRegistrationTest@1622fdf]" name="loginAsAdministrator" is-config="true" duration-ms="8703" started-at="2017-03-16T13:27:51Z" finished-at="2017-03-16T13:28:00Z">
          <reporter-output>
          </reporter-output>
        </test-method> <!-- loginAsAdministrator -->
        <test-method status="PASS" signature="representativeRegistrationTest(java.lang.String, java.lang.String, java.lang.String, java.lang.String, java.lang.String, java.lang.String)[pri:0, instance:testclasses.AdminPageRepresentativeRegistrationTest@1622fdf]" name="representativeRegistrationTest" duration-ms="6526" started-at="2017-03-16T13:28:00Z" data-provider="testPattern" finished-at="2017-03-16T13:28:06Z">
          <params>
            <param index="0">
              <value>
                <![CDATA[6666]]>
              </value>
            </param>
            <param index="1">
              <value>
                <![CDATA[6666]]>
              </value>
            </param>
            <param index="2">
              <value>
                <![CDATA[GinApygarda]]>
              </value>
            </param>
            <param index="3">
              <value>
                <![CDATA[Tauralaukio]]>
              </value>
            </param>
            <param index="4">
              <value>
                <![CDATA[Eduardas]]>
              </value>
            </param>
            <param index="5">
              <value>
                <![CDATA[Mironas]]>
              </value>
            </param>
          </params>
          <reporter-output>
          </reporter-output>
        </test-method> <!-- representativeRegistrationTest -->
        <test-method status="PASS" signature="loginAsAdministrator()[pri:0, instance:testclasses.AdminPageRepresentativeRegistrationTest@1622fdf]" name="loginAsAdministrator" is-config="true" duration-ms="1619" started-at="2017-03-16T13:28:06Z" finished-at="2017-03-16T13:28:08Z">
          <reporter-output>
          </reporter-output>
        </test-method> <!-- loginAsAdministrator -->
        <test-method status="PASS" signature="representativeRegistrationTest(java.lang.String, java.lang.String, java.lang.String, java.lang.String, java.lang.String, java.lang.String)[pri:0, instance:testclasses.AdminPageRepresentativeRegistrationTest@1622fdf]" name="representativeRegistrationTest" duration-ms="6708" started-at="2017-03-16T13:28:08Z" data-provider="testPattern" finished-at="2017-03-16T13:28:15Z">
          <params>
            <param index="0">
              <value>
                <![CDATA[7777]]>
              </value>
            </param>
            <param index="1">
              <value>
                <![CDATA[7777]]>
              </value>
            </param>
            <param index="2">
              <value>
                <![CDATA[GinApygarda]]>
              </value>
            </param>
            <param index="3">
              <value>
                <![CDATA[Perkelos]]>
              </value>
            </param>
            <param index="4">
              <value>
                <![CDATA[Romas]]>
              </value>
            </param>
            <param index="5">
              <value>
                <![CDATA[Sironas]]>
              </value>
            </param>
          </params>
          <reporter-output>
          </reporter-output>
        </test-method> <!-- representativeRegistrationTest -->
        <test-method status="PASS" signature="loginAsAdministrator()[pri:0, instance:testclasses.AdminPageRepresentativeRegistrationTest@1622fdf]" name="loginAsAdministrator" is-config="true" duration-ms="2122" started-at="2017-03-16T13:28:15Z" finished-at="2017-03-16T13:28:17Z">
          <reporter-output>
          </reporter-output>
        </test-method> <!-- loginAsAdministrator -->
        <test-method status="PASS" signature="representativeRegistrationTest(java.lang.String, java.lang.String, java.lang.String, java.lang.String, java.lang.String, java.lang.String)[pri:0, instance:testclasses.AdminPageRepresentativeRegistrationTest@1622fdf]" name="representativeRegistrationTest" duration-ms="6782" started-at="2017-03-16T13:28:17Z" data-provider="testPattern" finished-at="2017-03-16T13:28:23Z">
          <params>
            <param index="0">
              <value>
                <![CDATA[8888]]>
              </value>
            </param>
            <param index="1">
              <value>
                <![CDATA[8888]]>
              </value>
            </param>
            <param index="2">
              <value>
                <![CDATA[OutletCity]]>
              </value>
            </param>
            <param index="3">
              <value>
                <![CDATA[Baltijos]]>
              </value>
            </param>
            <param index="4">
              <value>
                <![CDATA[Nadzia]]>
              </value>
            </param>
            <param index="5">
              <value>
                <![CDATA[Fedorova]]>
              </value>
            </param>
          </params>
          <reporter-output>
          </reporter-output>
        </test-method> <!-- representativeRegistrationTest -->
        <test-method status="PASS" signature="loginAsAdministrator()[pri:0, instance:testclasses.AdminPageRepresentativeRegistrationTest@1622fdf]" name="loginAsAdministrator" is-config="true" duration-ms="2176" started-at="2017-03-16T13:28:23Z" finished-at="2017-03-16T13:28:26Z">
          <reporter-output>
          </reporter-output>
        </test-method> <!-- loginAsAdministrator -->
        <test-method status="PASS" signature="representativeRegistrationTest(java.lang.String, java.lang.String, java.lang.String, java.lang.String, java.lang.String, java.lang.String)[pri:0, instance:testclasses.AdminPageRepresentativeRegistrationTest@1622fdf]" name="representativeRegistrationTest" duration-ms="6814" started-at="2017-03-16T13:28:26Z" data-provider="testPattern" finished-at="2017-03-16T13:28:32Z">
          <params>
            <param index="0">
              <value>
                <![CDATA[9999]]>
              </value>
            </param>
            <param index="1">
              <value>
                <![CDATA[9999]]>
              </value>
            </param>
            <param index="2">
              <value>
                <![CDATA[OutletCity]]>
              </value>
            </param>
            <param index="3">
              <value>
                <![CDATA[Romuvos]]>
              </value>
            </param>
            <param index="4">
              <value>
                <![CDATA[Stasys]]>
              </value>
            </param>
            <param index="5">
              <value>
                <![CDATA[Steponavicius]]>
              </value>
            </param>
          </params>
          <reporter-output>
          </reporter-output>
        </test-method> <!-- representativeRegistrationTest -->
        <test-method status="PASS" signature="shutDown()[pri:0, instance:testclasses.AdminPageRepresentativeRegistrationTest@1622fdf]" name="shutDown" is-config="true" duration-ms="672" started-at="2017-03-16T13:28:32Z" finished-at="2017-03-16T13:28:33Z">
          <reporter-output>
          </reporter-output>
        </test-method> <!-- shutDown -->
      </class> <!-- testclasses.AdminPageRepresentativeRegistrationTest -->
      <class name="testclasses.RepresentativePageVoteSubmitTest">
        <test-method status="PASS" signature="initialize(java.lang.String)[pri:0, instance:testclasses.RepresentativePageVoteSubmitTest@14b1c02]" name="initialize" is-config="true" duration-ms="12381" started-at="2017-03-16T13:30:27Z" finished-at="2017-03-16T13:30:40Z">
          <params>
            <param index="0">
              <value>
                <![CDATA[http://localhost:8080/]]>
              </value>
            </param>
          </params>
          <reporter-output>
          </reporter-output>
        </test-method> <!-- initialize -->
        <test-method status="PASS" signature="login()[pri:0, instance:testclasses.RepresentativePageVoteSubmitTest@14b1c02]" name="login" is-config="true" duration-ms="7307" started-at="2017-03-16T13:30:40Z" finished-at="2017-03-16T13:30:47Z">
          <reporter-output>
          </reporter-output>
        </test-method> <!-- login -->
        <test-method status="PASS" signature="submitVotesForCandidatesTest(java.lang.String, java.lang.String, java.lang.String, java.lang.String)[pri:0, instance:testclasses.RepresentativePageVoteSubmitTest@14b1c02]" name="submitVotesForCandidatesTest" duration-ms="9364" started-at="2017-03-16T13:30:47Z" data-provider="testPattern" finished-at="2017-03-16T13:30:56Z">
          <params>
            <param index="0">
              <value>
                <![CDATA[Tauralaukio]]>
              </value>
            </param>
            <param index="1">
              <value>
                <![CDATA[5]]>
              </value>
            </param>
            <param index="2">
              <value>
                <![CDATA[3]]>
              </value>
            </param>
            <param index="3">
              <value>
                <![CDATA[GinApygarda]]>
              </value>
            </param>
          </params>
          <reporter-output>
          </reporter-output>
        </test-method> <!-- submitVotesForCandidatesTest -->
        <test-method status="PASS" signature="login()[pri:0, instance:testclasses.RepresentativePageVoteSubmitTest@14b1c02]" name="login" is-config="true" duration-ms="1942" started-at="2017-03-16T13:30:56Z" finished-at="2017-03-16T13:30:58Z">
          <reporter-output>
          </reporter-output>
        </test-method> <!-- login -->
        <test-method status="PASS" signature="submitVotesForCandidatesTest(java.lang.String, java.lang.String, java.lang.String, java.lang.String)[pri:0, instance:testclasses.RepresentativePageVoteSubmitTest@14b1c02]" name="submitVotesForCandidatesTest" duration-ms="10164" started-at="2017-03-16T13:30:58Z" data-provider="testPattern" finished-at="2017-03-16T13:31:08Z">
          <params>
            <param index="0">
              <value>
                <![CDATA[Perkelos]]>
              </value>
            </param>
            <param index="1">
              <value>
                <![CDATA[5]]>
              </value>
            </param>
            <param index="2">
              <value>
                <![CDATA[3]]>
              </value>
            </param>
            <param index="3">
              <value>
                <![CDATA[GinApygarda]]>
              </value>
            </param>
          </params>
          <reporter-output>
          </reporter-output>
        </test-method> <!-- submitVotesForCandidatesTest -->
        <test-method status="PASS" signature="login()[pri:0, instance:testclasses.RepresentativePageVoteSubmitTest@14b1c02]" name="login" is-config="true" duration-ms="1469" started-at="2017-03-16T13:31:08Z" finished-at="2017-03-16T13:31:10Z">
          <reporter-output>
          </reporter-output>
        </test-method> <!-- login -->
        <test-method status="PASS" signature="submitVotesForCandidatesTest(java.lang.String, java.lang.String, java.lang.String, java.lang.String)[pri:0, instance:testclasses.RepresentativePageVoteSubmitTest@14b1c02]" name="submitVotesForCandidatesTest" duration-ms="11487" started-at="2017-03-16T13:31:10Z" data-provider="testPattern" finished-at="2017-03-16T13:31:21Z">
          <params>
            <param index="0">
              <value>
                <![CDATA[Baltijos]]>
              </value>
            </param>
            <param index="1">
              <value>
                <![CDATA[6]]>
              </value>
            </param>
            <param index="2">
              <value>
                <![CDATA[3]]>
              </value>
            </param>
            <param index="3">
              <value>
                <![CDATA[OutletCity]]>
              </value>
            </param>
          </params>
          <reporter-output>
          </reporter-output>
        </test-method> <!-- submitVotesForCandidatesTest -->
        <test-method status="PASS" signature="login()[pri:0, instance:testclasses.RepresentativePageVoteSubmitTest@14b1c02]" name="login" is-config="true" duration-ms="1535" started-at="2017-03-16T13:31:21Z" finished-at="2017-03-16T13:31:23Z">
          <reporter-output>
          </reporter-output>
        </test-method> <!-- login -->
        <test-method status="PASS" signature="submitVotesForCandidatesTest(java.lang.String, java.lang.String, java.lang.String, java.lang.String)[pri:0, instance:testclasses.RepresentativePageVoteSubmitTest@14b1c02]" name="submitVotesForCandidatesTest" duration-ms="11420" started-at="2017-03-16T13:31:23Z" data-provider="testPattern" finished-at="2017-03-16T13:31:34Z">
          <params>
            <param index="0">
              <value>
                <![CDATA[Romuvos]]>
              </value>
            </param>
            <param index="1">
              <value>
                <![CDATA[6]]>
              </value>
            </param>
            <param index="2">
              <value>
                <![CDATA[3]]>
              </value>
            </param>
            <param index="3">
              <value>
                <![CDATA[OutletCity]]>
              </value>
            </param>
          </params>
          <reporter-output>
          </reporter-output>
        </test-method> <!-- submitVotesForCandidatesTest -->
        <test-method status="FAIL" signature="login()[pri:0, instance:testclasses.RepresentativePageVoteSubmitTest@14b1c02]" name="login" is-config="true" duration-ms="0" started-at="2017-03-16T13:31:34Z" finished-at="2017-03-16T13:31:34Z">
          <exception class="java.lang.ArrayIndexOutOfBoundsException">
            <message>
              <![CDATA[4]]>
            </message>
            <full-stacktrace>
              <![CDATA[java.lang.ArrayIndexOutOfBoundsException: 4
	at pageobjects.main.TestMain.login1(TestMain.java:134)
	at pageobjects.main.TestMain.loginAsRepresentative(TestMain.java:158)
	at testclasses.RepresentativePageVoteSubmitTest.login(RepresentativePageVoteSubmitTest.java:39)
	at sun.reflect.NativeMethodAccessorImpl.invoke0(Native Method)
	at sun.reflect.NativeMethodAccessorImpl.invoke(NativeMethodAccessorImpl.java:62)
	at sun.reflect.DelegatingMethodAccessorImpl.invoke(DelegatingMethodAccessorImpl.java:43)
	at java.lang.reflect.Method.invoke(Method.java:498)
	at org.testng.internal.MethodInvocationHelper.invokeMethod(MethodInvocationHelper.java:80)
	at org.testng.internal.Invoker.invokeConfigurationMethod(Invoker.java:564)
	at org.testng.internal.Invoker.invokeConfigurations(Invoker.java:213)
	at org.testng.internal.Invoker.invokeMethod(Invoker.java:653)
	at org.testng.internal.Invoker.invokeTestMethod(Invoker.java:901)
	at org.testng.internal.Invoker.invokeTestMethods(Invoker.java:1231)
	at org.testng.internal.TestMethodWorker.invokeTestMethods(TestMethodWorker.java:127)
	at org.testng.internal.TestMethodWorker.run(TestMethodWorker.java:111)
	at org.testng.TestRunner.privateRun(TestRunner.java:767)
	at org.testng.TestRunner.run(TestRunner.java:617)
	at org.testng.SuiteRunner.runTest(SuiteRunner.java:334)
	at org.testng.SuiteRunner.runSequentially(SuiteRunner.java:329)
	at org.testng.SuiteRunner.privateRun(SuiteRunner.java:291)
	at org.testng.SuiteRunner.run(SuiteRunner.java:240)
	at org.testng.SuiteRunnerWorker.runSuite(SuiteRunnerWorker.java:52)
	at org.testng.SuiteRunnerWorker.run(SuiteRunnerWorker.java:86)
	at org.testng.TestNG.runSuitesSequentially(TestNG.java:1198)
	at org.testng.TestNG.runSuitesLocally(TestNG.java:1123)
	at org.testng.TestNG.run(TestNG.java:1031)
	at org.testng.remote.AbstractRemoteTestNG.run(AbstractRemoteTestNG.java:132)
	at org.testng.remote.RemoteTestNG.initAndRun(RemoteTestNG.java:230)
	at org.testng.remote.RemoteTestNG.main(RemoteTestNG.java:76)
]]>
            </full-stacktrace>
          </exception> <!-- java.lang.ArrayIndexOutOfBoundsException -->
          <reporter-output>
          </reporter-output>
        </test-method> <!-- login -->
        <test-method status="SKIP" signature="submitVotesForPartiesTest(java.lang.String, java.lang.String, java.lang.String, java.lang.String)[pri:0, instance:testclasses.RepresentativePageVoteSubmitTest@14b1c02]" name="submitVotesForPartiesTest" duration-ms="1" started-at="2017-03-16T13:31:35Z" data-provider="testPattern" finished-at="2017-03-16T13:31:35Z">
          <params>
            <param index="0">
              <value>
                <![CDATA[Tauralaukio]]>
              </value>
            </param>
            <param index="1">
              <value>
                <![CDATA[5]]>
              </value>
            </param>
            <param index="2">
              <value>
                <![CDATA[3]]>
              </value>
            </param>
            <param index="3">
              <value>
                <![CDATA[GinApygarda]]>
              </value>
            </param>
          </params>
          <reporter-output>
          </reporter-output>
        </test-method> <!-- submitVotesForPartiesTest -->
        <test-method status="SKIP" signature="login()[pri:0, instance:testclasses.RepresentativePageVoteSubmitTest@14b1c02]" name="login" is-config="true" duration-ms="0" started-at="2017-03-16T13:31:35Z" finished-at="2017-03-16T13:31:35Z">
          <reporter-output>
          </reporter-output>
        </test-method> <!-- login -->
        <test-method status="SKIP" signature="submitVotesForPartiesTest(java.lang.String, java.lang.String, java.lang.String, java.lang.String)[pri:0, instance:testclasses.RepresentativePageVoteSubmitTest@14b1c02]" name="submitVotesForPartiesTest" duration-ms="1" started-at="2017-03-16T13:31:35Z" data-provider="testPattern" finished-at="2017-03-16T13:31:35Z">
          <params>
            <param index="0">
              <value>
                <![CDATA[Perkelos]]>
              </value>
            </param>
            <param index="1">
              <value>
                <![CDATA[5]]>
              </value>
            </param>
            <param index="2">
              <value>
                <![CDATA[3]]>
              </value>
            </param>
            <param index="3">
              <value>
                <![CDATA[GinApygarda]]>
              </value>
            </param>
          </params>
          <reporter-output>
          </reporter-output>
        </test-method> <!-- submitVotesForPartiesTest -->
        <test-method status="SKIP" signature="login()[pri:0, instance:testclasses.RepresentativePageVoteSubmitTest@14b1c02]" name="login" is-config="true" duration-ms="0" started-at="2017-03-16T13:31:35Z" finished-at="2017-03-16T13:31:35Z">
          <reporter-output>
          </reporter-output>
        </test-method> <!-- login -->
        <test-method status="SKIP" signature="submitVotesForPartiesTest(java.lang.String, java.lang.String, java.lang.String, java.lang.String)[pri:0, instance:testclasses.RepresentativePageVoteSubmitTest@14b1c02]" name="submitVotesForPartiesTest" duration-ms="1" started-at="2017-03-16T13:31:35Z" data-provider="testPattern" finished-at="2017-03-16T13:31:35Z">
          <params>
            <param index="0">
              <value>
                <![CDATA[Baltijos]]>
              </value>
            </param>
            <param index="1">
              <value>
                <![CDATA[6]]>
              </value>
            </param>
            <param index="2">
              <value>
                <![CDATA[3]]>
              </value>
            </param>
            <param index="3">
              <value>
                <![CDATA[OutletCity]]>
              </value>
            </param>
          </params>
          <reporter-output>
          </reporter-output>
        </test-method> <!-- submitVotesForPartiesTest -->
        <test-method status="SKIP" signature="login()[pri:0, instance:testclasses.RepresentativePageVoteSubmitTest@14b1c02]" name="login" is-config="true" duration-ms="0" started-at="2017-03-16T13:31:35Z" finished-at="2017-03-16T13:31:35Z">
          <reporter-output>
          </reporter-output>
        </test-method> <!-- login -->
        <test-method status="SKIP" signature="submitVotesForPartiesTest(java.lang.String, java.lang.String, java.lang.String, java.lang.String)[pri:0, instance:testclasses.RepresentativePageVoteSubmitTest@14b1c02]" name="submitVotesForPartiesTest" duration-ms="0" started-at="2017-03-16T13:31:35Z" data-provider="testPattern" finished-at="2017-03-16T13:31:35Z">
          <params>
            <param index="0">
              <value>
                <![CDATA[Romuvos]]>
              </value>
            </param>
            <param index="1">
              <value>
                <![CDATA[6]]>
              </value>
            </param>
            <param index="2">
              <value>
                <![CDATA[3]]>
              </value>
            </param>
            <param index="3">
              <value>
                <![CDATA[OutletCity]]>
              </value>
            </param>
          </params>
          <reporter-output>
          </reporter-output>
        </test-method> <!-- submitVotesForPartiesTest -->
        <test-method status="SKIP" signature="shutDown()[pri:0, instance:testclasses.RepresentativePageVoteSubmitTest@14b1c02]" name="shutDown" is-config="true" duration-ms="0" started-at="2017-03-16T13:31:35Z" finished-at="2017-03-16T13:31:35Z">
          <reporter-output>
          </reporter-output>
        </test-method> <!-- shutDown -->
      </class> <!-- testclasses.RepresentativePageVoteSubmitTest -->
    </test> <!-- RegressionTest -->
  </suite> <!-- ElectionSystemSuite -->
</testng-results>
