<?xml version="1.0" encoding="UTF-8"?>
<!-- Generated by org.testng.reporters.JUnitReportReporter -->
<testsuite hostname="Zugera-PC" name="testclasses.RepresentativePageCandidateVoteSubmitTest" tests="4" failures="4" timestamp="16 Mar 2017 00:46:08 GMT" time="40.664" errors="0">
  <testcase name="submitVotesForCandidatesTest" time="10.162" classname="testclasses.RepresentativePageCandidateVoteSubmitTest">
    <failure type="java.lang.NullPointerException">
      <![CDATA[java.lang.NullPointerException
	at org.openqa.selenium.support.ui.ExpectedConditions$24.apply(ExpectedConditions.java:719)
	at org.openqa.selenium.support.ui.ExpectedConditions$24.apply(ExpectedConditions.java:714)
	at org.openqa.selenium.support.ui.ExpectedConditions$30.apply(ExpectedConditions.java:878)
	at org.openqa.selenium.support.ui.ExpectedConditions$30.apply(ExpectedConditions.java:875)
	at org.openqa.selenium.support.ui.FluentWait.until(FluentWait.java:238)
	at pageobjects.main.PageObject.waitForElementToBeInDOM(PageObject.java:113)
	at pageobjects.main.PageObject.assertElementIsDisplayed(PageObject.java:494)
	at pageobjects.forms.RepresentativePage.assertDistrictIsPresented(RepresentativePage.java:73)
	at testclasses.RepresentativePageCandidateVoteSubmitTest.submitVotesForCandidatesTest(RepresentativePageCandidateVoteSubmitTest.java:44)
	at sun.reflect.NativeMethodAccessorImpl.invoke0(Native Method)
	at sun.reflect.NativeMethodAccessorImpl.invoke(NativeMethodAccessorImpl.java:62)
	at sun.reflect.DelegatingMethodAccessorImpl.invoke(DelegatingMethodAccessorImpl.java:43)
	at java.lang.reflect.Method.invoke(Method.java:498)
	at org.testng.internal.MethodInvocationHelper.invokeMethod(MethodInvocationHelper.java:80)
	at org.testng.internal.Invoker.invokeMethod(Invoker.java:714)
	at org.testng.internal.Invoker.invokeTestMethod(Invoker.java:901)
	at org.testng.internal.Invoker.invokeTestMethods(Invoker.java:1231)
	at org.testng.internal.TestMethodWorker.invokeTestMethods(TestMethodWorker.java:127)
	at org.testng.internal.TestMethodWorker.run(TestMethodWorker.java:111)
	at org.testng.TestRunner.privateRun(TestRunner.java:767)
	at org.testng.TestRunner.run(TestRunner.java:617)
	at org.testng.SuiteRunner.runTest(SuiteRunner.java:334)
	at org.testng.SuiteRunner.runSequentially(SuiteRunner.java:329)
	at org.testng.SuiteRunner.privateRun(SuiteRunner.java:291)
	at org.testng.SuiteRunner.run(SuiteRunner.java:240)
	at org.testng.SuiteRunnerWorker.runSuite(SuiteRunnerWorker.java:52)
	at org.testng.SuiteRunnerWorker.run(SuiteRunnerWorker.java:86)
	at org.testng.TestNG.runSuitesSequentially(TestNG.java:1198)
	at org.testng.TestNG.runSuitesLocally(TestNG.java:1123)
	at org.testng.TestNG.run(TestNG.java:1031)
	at org.testng.remote.AbstractRemoteTestNG.run(AbstractRemoteTestNG.java:132)
	at org.testng.remote.RemoteTestNG.initAndRun(RemoteTestNG.java:230)
	at org.testng.remote.RemoteTestNG.main(RemoteTestNG.java:76)
]]>
    </failure>
  </testcase> <!-- submitVotesForCandidatesTest -->
  <testcase name="submitVotesForCandidatesTest" time="10.161" classname="testclasses.RepresentativePageCandidateVoteSubmitTest">
    <failure type="java.lang.NullPointerException">
      <![CDATA[java.lang.NullPointerException
	at org.openqa.selenium.support.ui.ExpectedConditions$24.apply(ExpectedConditions.java:719)
	at org.openqa.selenium.support.ui.ExpectedConditions$24.apply(ExpectedConditions.java:714)
	at org.openqa.selenium.support.ui.ExpectedConditions$30.apply(ExpectedConditions.java:878)
	at org.openqa.selenium.support.ui.ExpectedConditions$30.apply(ExpectedConditions.java:875)
	at org.openqa.selenium.support.ui.FluentWait.until(FluentWait.java:238)
	at pageobjects.main.PageObject.waitForElementToBeInDOM(PageObject.java:113)
	at pageobjects.main.PageObject.assertElementIsDisplayed(PageObject.java:494)
	at pageobjects.forms.RepresentativePage.assertDistrictIsPresented(RepresentativePage.java:73)
	at testclasses.RepresentativePageCandidateVoteSubmitTest.submitVotesForCandidatesTest(RepresentativePageCandidateVoteSubmitTest.java:44)
	at sun.reflect.NativeMethodAccessorImpl.invoke0(Native Method)
	at sun.reflect.NativeMethodAccessorImpl.invoke(NativeMethodAccessorImpl.java:62)
	at sun.reflect.DelegatingMethodAccessorImpl.invoke(DelegatingMethodAccessorImpl.java:43)
	at java.lang.reflect.Method.invoke(Method.java:498)
	at org.testng.internal.MethodInvocationHelper.invokeMethod(MethodInvocationHelper.java:80)
	at org.testng.internal.Invoker.invokeMethod(Invoker.java:714)
	at org.testng.internal.Invoker.invokeTestMethod(Invoker.java:901)
	at org.testng.internal.Invoker.invokeTestMethods(Invoker.java:1231)
	at org.testng.internal.TestMethodWorker.invokeTestMethods(TestMethodWorker.java:127)
	at org.testng.internal.TestMethodWorker.run(TestMethodWorker.java:111)
	at org.testng.TestRunner.privateRun(TestRunner.java:767)
	at org.testng.TestRunner.run(TestRunner.java:617)
	at org.testng.SuiteRunner.runTest(SuiteRunner.java:334)
	at org.testng.SuiteRunner.runSequentially(SuiteRunner.java:329)
	at org.testng.SuiteRunner.privateRun(SuiteRunner.java:291)
	at org.testng.SuiteRunner.run(SuiteRunner.java:240)
	at org.testng.SuiteRunnerWorker.runSuite(SuiteRunnerWorker.java:52)
	at org.testng.SuiteRunnerWorker.run(SuiteRunnerWorker.java:86)
	at org.testng.TestNG.runSuitesSequentially(TestNG.java:1198)
	at org.testng.TestNG.runSuitesLocally(TestNG.java:1123)
	at org.testng.TestNG.run(TestNG.java:1031)
	at org.testng.remote.AbstractRemoteTestNG.run(AbstractRemoteTestNG.java:132)
	at org.testng.remote.RemoteTestNG.initAndRun(RemoteTestNG.java:230)
	at org.testng.remote.RemoteTestNG.main(RemoteTestNG.java:76)
]]>
    </failure>
  </testcase> <!-- submitVotesForCandidatesTest -->
  <testcase name="submitVotesForCandidatesTest" time="10.155" classname="testclasses.RepresentativePageCandidateVoteSubmitTest">
    <failure type="java.lang.NullPointerException">
      <![CDATA[java.lang.NullPointerException
	at org.openqa.selenium.support.ui.ExpectedConditions$24.apply(ExpectedConditions.java:719)
	at org.openqa.selenium.support.ui.ExpectedConditions$24.apply(ExpectedConditions.java:714)
	at org.openqa.selenium.support.ui.ExpectedConditions$30.apply(ExpectedConditions.java:878)
	at org.openqa.selenium.support.ui.ExpectedConditions$30.apply(ExpectedConditions.java:875)
	at org.openqa.selenium.support.ui.FluentWait.until(FluentWait.java:238)
	at pageobjects.main.PageObject.waitForElementToBeInDOM(PageObject.java:113)
	at pageobjects.main.PageObject.assertElementIsDisplayed(PageObject.java:494)
	at pageobjects.forms.RepresentativePage.assertDistrictIsPresented(RepresentativePage.java:73)
	at testclasses.RepresentativePageCandidateVoteSubmitTest.submitVotesForCandidatesTest(RepresentativePageCandidateVoteSubmitTest.java:44)
	at sun.reflect.NativeMethodAccessorImpl.invoke0(Native Method)
	at sun.reflect.NativeMethodAccessorImpl.invoke(NativeMethodAccessorImpl.java:62)
	at sun.reflect.DelegatingMethodAccessorImpl.invoke(DelegatingMethodAccessorImpl.java:43)
	at java.lang.reflect.Method.invoke(Method.java:498)
	at org.testng.internal.MethodInvocationHelper.invokeMethod(MethodInvocationHelper.java:80)
	at org.testng.internal.Invoker.invokeMethod(Invoker.java:714)
	at org.testng.internal.Invoker.invokeTestMethod(Invoker.java:901)
	at org.testng.internal.Invoker.invokeTestMethods(Invoker.java:1231)
	at org.testng.internal.TestMethodWorker.invokeTestMethods(TestMethodWorker.java:127)
	at org.testng.internal.TestMethodWorker.run(TestMethodWorker.java:111)
	at org.testng.TestRunner.privateRun(TestRunner.java:767)
	at org.testng.TestRunner.run(TestRunner.java:617)
	at org.testng.SuiteRunner.runTest(SuiteRunner.java:334)
	at org.testng.SuiteRunner.runSequentially(SuiteRunner.java:329)
	at org.testng.SuiteRunner.privateRun(SuiteRunner.java:291)
	at org.testng.SuiteRunner.run(SuiteRunner.java:240)
	at org.testng.SuiteRunnerWorker.runSuite(SuiteRunnerWorker.java:52)
	at org.testng.SuiteRunnerWorker.run(SuiteRunnerWorker.java:86)
	at org.testng.TestNG.runSuitesSequentially(TestNG.java:1198)
	at org.testng.TestNG.runSuitesLocally(TestNG.java:1123)
	at org.testng.TestNG.run(TestNG.java:1031)
	at org.testng.remote.AbstractRemoteTestNG.run(AbstractRemoteTestNG.java:132)
	at org.testng.remote.RemoteTestNG.initAndRun(RemoteTestNG.java:230)
	at org.testng.remote.RemoteTestNG.main(RemoteTestNG.java:76)
]]>
    </failure>
  </testcase> <!-- submitVotesForCandidatesTest -->
  <testcase name="submitVotesForCandidatesTest" time="10.186" classname="testclasses.RepresentativePageCandidateVoteSubmitTest">
    <failure type="java.lang.NullPointerException">
      <![CDATA[java.lang.NullPointerException
	at org.openqa.selenium.support.ui.ExpectedConditions$24.apply(ExpectedConditions.java:719)
	at org.openqa.selenium.support.ui.ExpectedConditions$24.apply(ExpectedConditions.java:714)
	at org.openqa.selenium.support.ui.ExpectedConditions$30.apply(ExpectedConditions.java:878)
	at org.openqa.selenium.support.ui.ExpectedConditions$30.apply(ExpectedConditions.java:875)
	at org.openqa.selenium.support.ui.FluentWait.until(FluentWait.java:238)
	at pageobjects.main.PageObject.waitForElementToBeInDOM(PageObject.java:113)
	at pageobjects.main.PageObject.assertElementIsDisplayed(PageObject.java:494)
	at pageobjects.forms.RepresentativePage.assertDistrictIsPresented(RepresentativePage.java:73)
	at testclasses.RepresentativePageCandidateVoteSubmitTest.submitVotesForCandidatesTest(RepresentativePageCandidateVoteSubmitTest.java:44)
	at sun.reflect.NativeMethodAccessorImpl.invoke0(Native Method)
	at sun.reflect.NativeMethodAccessorImpl.invoke(NativeMethodAccessorImpl.java:62)
	at sun.reflect.DelegatingMethodAccessorImpl.invoke(DelegatingMethodAccessorImpl.java:43)
	at java.lang.reflect.Method.invoke(Method.java:498)
	at org.testng.internal.MethodInvocationHelper.invokeMethod(MethodInvocationHelper.java:80)
	at org.testng.internal.Invoker.invokeMethod(Invoker.java:714)
	at org.testng.internal.Invoker.invokeTestMethod(Invoker.java:901)
	at org.testng.internal.Invoker.invokeTestMethods(Invoker.java:1231)
	at org.testng.internal.TestMethodWorker.invokeTestMethods(TestMethodWorker.java:127)
	at org.testng.internal.TestMethodWorker.run(TestMethodWorker.java:111)
	at org.testng.TestRunner.privateRun(TestRunner.java:767)
	at org.testng.TestRunner.run(TestRunner.java:617)
	at org.testng.SuiteRunner.runTest(SuiteRunner.java:334)
	at org.testng.SuiteRunner.runSequentially(SuiteRunner.java:329)
	at org.testng.SuiteRunner.privateRun(SuiteRunner.java:291)
	at org.testng.SuiteRunner.run(SuiteRunner.java:240)
	at org.testng.SuiteRunnerWorker.runSuite(SuiteRunnerWorker.java:52)
	at org.testng.SuiteRunnerWorker.run(SuiteRunnerWorker.java:86)
	at org.testng.TestNG.runSuitesSequentially(TestNG.java:1198)
	at org.testng.TestNG.runSuitesLocally(TestNG.java:1123)
	at org.testng.TestNG.run(TestNG.java:1031)
	at org.testng.remote.AbstractRemoteTestNG.run(AbstractRemoteTestNG.java:132)
	at org.testng.remote.RemoteTestNG.initAndRun(RemoteTestNG.java:230)
	at org.testng.remote.RemoteTestNG.main(RemoteTestNG.java:76)
]]>
    </failure>
  </testcase> <!-- submitVotesForCandidatesTest -->
</testsuite> <!-- testclasses.RepresentativePageCandidateVoteSubmitTest -->
